{"/Users/oem/Documents/GitHub/sendit-api/spec/run.js":{"path":"/Users/oem/Documents/GitHub/sendit-api/spec/run.js","statementMap":{"0":{"start":{"line":3,"column":15},"end":{"line":3,"column":57}},"1":{"start":{"line":5,"column":30},"end":{"line":5,"column":89}},"2":{"start":{"line":7,"column":39},"end":{"line":7,"column":93}},"3":{"start":{"line":9,"column":14},"end":{"line":9,"column":36}},"4":{"start":{"line":10,"column":15},"end":{"line":16,"column":2}},"5":{"start":{"line":17,"column":0},"end":{"line":17,"column":30}},"6":{"start":{"line":18,"column":0},"end":{"line":18,"column":25}},"7":{"start":{"line":19,"column":0},"end":{"line":19,"column":52}},"8":{"start":{"line":20,"column":0},"end":{"line":20,"column":18}}},"fnMap":{"0":{"name":"_interopRequireDefault","decl":{"start":{"line":7,"column":9},"end":{"line":7,"column":31}},"loc":{"start":{"line":7,"column":37},"end":{"line":7,"column":95}},"line":7}},"branchMap":{"0":{"loc":{"start":{"line":7,"column":46},"end":{"line":7,"column":92}},"type":"cond-expr","locations":[{"start":{"line":7,"column":70},"end":{"line":7,"column":73}},{"start":{"line":7,"column":76},"end":{"line":7,"column":92}}],"line":7},"1":{"loc":{"start":{"line":7,"column":46},"end":{"line":7,"column":67}},"type":"binary-expr","locations":[{"start":{"line":7,"column":46},"end":{"line":7,"column":49}},{"start":{"line":7,"column":53},"end":{"line":7,"column":67}}],"line":7}},"s":{"0":1,"1":1,"2":2,"3":1,"4":1,"5":1,"6":1,"7":1,"8":1},"f":{"0":2},"b":{"0":[0,2],"1":[2,2]},"_coverageSchema":"43e27e138ebf9cfc5966b082cf9a028302ed4184","hash":"cde38a92c2f494a85e594e0e7fd113325a5ae309","contentHash":"f1d8564d321a7428b10ca1eb255360d8"},"/Users/oem/Documents/GitHub/sendit-api/spec/routes/parcels.spec.js":{"path":"/Users/oem/Documents/GitHub/sendit-api/spec/routes/parcels.spec.js","statementMap":{"0":{"start":{"line":3,"column":15},"end":{"line":3,"column":57}},"1":{"start":{"line":5,"column":13},"end":{"line":5,"column":53}},"2":{"start":{"line":7,"column":12},"end":{"line":7,"column":68}},"3":{"start":{"line":9,"column":14},"end":{"line":9,"column":65}},"4":{"start":{"line":11,"column":39},"end":{"line":11,"column":93}},"5":{"start":{"line":13,"column":24},"end":{"line":13,"column":328}},"6":{"start":{"line":13,"column":99},"end":{"line":13,"column":154}},"7":{"start":{"line":13,"column":133},"end":{"line":13,"column":151}},"8":{"start":{"line":13,"column":164},"end":{"line":13,"column":326}},"9":{"start":{"line":13,"column":198},"end":{"line":13,"column":323}},"10":{"start":{"line":13,"column":329},"end":{"line":13,"column":349}},"11":{"start":{"line":15,"column":18},"end":{"line":15,"column":48}},"12":{"start":{"line":17,"column":0},"end":{"line":150,"column":3}},"13":{"start":{"line":21,"column":2},"end":{"line":24,"column":5}},"14":{"start":{"line":22,"column":4},"end":{"line":22,"column":40}},"15":{"start":{"line":23,"column":4},"end":{"line":23,"column":45}},"16":{"start":{"line":25,"column":2},"end":{"line":27,"column":5}},"17":{"start":{"line":26,"column":4},"end":{"line":26,"column":19}},"18":{"start":{"line":28,"column":2},"end":{"line":70,"column":5}},"19":{"start":{"line":29,"column":15},"end":{"line":29,"column":17}},"20":{"start":{"line":30,"column":4},"end":{"line":62,"column":7}},"21":{"start":{"line":31,"column":17},"end":{"line":31,"column":36}},"22":{"start":{"line":32,"column":6},"end":{"line":32,"column":48}},"23":{"start":{"line":33,"column":19},"end":{"line":43,"column":7}},"24":{"start":{"line":45,"column":6},"end":{"line":61,"column":9}},"25":{"start":{"line":49,"column":8},"end":{"line":49,"column":37}},"26":{"start":{"line":51,"column":8},"end":{"line":58,"column":9}},"27":{"start":{"line":52,"column":10},"end":{"line":52,"column":30}},"28":{"start":{"line":53,"column":10},"end":{"line":53,"column":34}},"29":{"start":{"line":54,"column":10},"end":{"line":54,"column":38}},"30":{"start":{"line":55,"column":10},"end":{"line":55,"column":32}},"31":{"start":{"line":56,"column":10},"end":{"line":56,"column":34}},"32":{"start":{"line":57,"column":10},"end":{"line":57,"column":42}},"33":{"start":{"line":60,"column":8},"end":{"line":60,"column":15}},"34":{"start":{"line":63,"column":4},"end":{"line":65,"column":7}},"35":{"start":{"line":64,"column":6},"end":{"line":64,"column":36}},"36":{"start":{"line":66,"column":4},"end":{"line":69,"column":7}},"37":{"start":{"line":67,"column":6},"end":{"line":67,"column":38}},"38":{"start":{"line":68,"column":6},"end":{"line":68,"column":38}},"39":{"start":{"line":72,"column":2},"end":{"line":95,"column":5}},"40":{"start":{"line":73,"column":15},"end":{"line":73,"column":17}},"41":{"start":{"line":74,"column":4},"end":{"line":87,"column":7}},"42":{"start":{"line":75,"column":6},"end":{"line":86,"column":9}},"43":{"start":{"line":78,"column":8},"end":{"line":78,"column":37}},"44":{"start":{"line":80,"column":8},"end":{"line":83,"column":9}},"45":{"start":{"line":81,"column":10},"end":{"line":81,"column":38}},"46":{"start":{"line":82,"column":10},"end":{"line":82,"column":32}},"47":{"start":{"line":85,"column":8},"end":{"line":85,"column":15}},"48":{"start":{"line":88,"column":4},"end":{"line":90,"column":7}},"49":{"start":{"line":89,"column":6},"end":{"line":89,"column":36}},"50":{"start":{"line":91,"column":4},"end":{"line":94,"column":7}},"51":{"start":{"line":92,"column":6},"end":{"line":92,"column":38}},"52":{"start":{"line":93,"column":6},"end":{"line":93,"column":48}},"53":{"start":{"line":97,"column":2},"end":{"line":120,"column":5}},"54":{"start":{"line":98,"column":15},"end":{"line":98,"column":17}},"55":{"start":{"line":99,"column":4},"end":{"line":112,"column":7}},"56":{"start":{"line":100,"column":6},"end":{"line":111,"column":9}},"57":{"start":{"line":103,"column":8},"end":{"line":103,"column":37}},"58":{"start":{"line":105,"column":8},"end":{"line":108,"column":9}},"59":{"start":{"line":106,"column":10},"end":{"line":106,"column":38}},"60":{"start":{"line":107,"column":10},"end":{"line":107,"column":32}},"61":{"start":{"line":110,"column":8},"end":{"line":110,"column":15}},"62":{"start":{"line":113,"column":4},"end":{"line":115,"column":7}},"63":{"start":{"line":114,"column":6},"end":{"line":114,"column":36}},"64":{"start":{"line":116,"column":4},"end":{"line":119,"column":7}},"65":{"start":{"line":117,"column":6},"end":{"line":117,"column":38}},"66":{"start":{"line":118,"column":6},"end":{"line":118,"column":38}},"67":{"start":{"line":122,"column":2},"end":{"line":149,"column":5}},"68":{"start":{"line":123,"column":15},"end":{"line":123,"column":17}},"69":{"start":{"line":124,"column":4},"end":{"line":141,"column":7}},"70":{"start":{"line":126,"column":6},"end":{"line":140,"column":9}},"71":{"start":{"line":132,"column":8},"end":{"line":132,"column":37}},"72":{"start":{"line":134,"column":8},"end":{"line":137,"column":9}},"73":{"start":{"line":135,"column":10},"end":{"line":135,"column":38}},"74":{"start":{"line":136,"column":10},"end":{"line":136,"column":34}},"75":{"start":{"line":139,"column":8},"end":{"line":139,"column":15}},"76":{"start":{"line":142,"column":4},"end":{"line":144,"column":7}},"77":{"start":{"line":143,"column":6},"end":{"line":143,"column":36}},"78":{"start":{"line":145,"column":4},"end":{"line":148,"column":7}},"79":{"start":{"line":146,"column":6},"end":{"line":146,"column":38}},"80":{"start":{"line":147,"column":6},"end":{"line":147,"column":65}}},"fnMap":{"0":{"name":"_interopRequireDefault","decl":{"start":{"line":11,"column":9},"end":{"line":11,"column":31}},"loc":{"start":{"line":11,"column":37},"end":{"line":11,"column":95}},"line":11},"1":{"name":"_typeof","decl":{"start":{"line":13,"column":9},"end":{"line":13,"column":16}},"loc":{"start":{"line":13,"column":22},"end":{"line":13,"column":351}},"line":13},"2":{"name":"_typeof","decl":{"start":{"line":13,"column":118},"end":{"line":13,"column":125}},"loc":{"start":{"line":13,"column":131},"end":{"line":13,"column":153}},"line":13},"3":{"name":"_typeof","decl":{"start":{"line":13,"column":183},"end":{"line":13,"column":190}},"loc":{"start":{"line":13,"column":196},"end":{"line":13,"column":325}},"line":13},"4":{"name":"(anonymous_4)","decl":{"start":{"line":17,"column":19},"end":{"line":17,"column":20}},"loc":{"start":{"line":17,"column":31},"end":{"line":150,"column":1}},"line":17},"5":{"name":"(anonymous_5)","decl":{"start":{"line":21,"column":12},"end":{"line":21,"column":13}},"loc":{"start":{"line":21,"column":24},"end":{"line":24,"column":3}},"line":21},"6":{"name":"(anonymous_6)","decl":{"start":{"line":25,"column":11},"end":{"line":25,"column":12}},"loc":{"start":{"line":25,"column":23},"end":{"line":27,"column":3}},"line":25},"7":{"name":"(anonymous_7)","decl":{"start":{"line":28,"column":51},"end":{"line":28,"column":52}},"loc":{"start":{"line":28,"column":63},"end":{"line":70,"column":3}},"line":28},"8":{"name":"(anonymous_8)","decl":{"start":{"line":30,"column":14},"end":{"line":30,"column":15}},"loc":{"start":{"line":30,"column":30},"end":{"line":62,"column":5}},"line":30},"9":{"name":"(anonymous_9)","decl":{"start":{"line":48,"column":9},"end":{"line":48,"column":10}},"loc":{"start":{"line":48,"column":35},"end":{"line":61,"column":7}},"line":48},"10":{"name":"(anonymous_10)","decl":{"start":{"line":63,"column":21},"end":{"line":63,"column":22}},"loc":{"start":{"line":63,"column":33},"end":{"line":65,"column":5}},"line":63},"11":{"name":"(anonymous_11)","decl":{"start":{"line":66,"column":15},"end":{"line":66,"column":16}},"loc":{"start":{"line":66,"column":27},"end":{"line":69,"column":5}},"line":66},"12":{"name":"(anonymous_12)","decl":{"start":{"line":72,"column":48},"end":{"line":72,"column":49}},"loc":{"start":{"line":72,"column":60},"end":{"line":95,"column":3}},"line":72},"13":{"name":"(anonymous_13)","decl":{"start":{"line":74,"column":14},"end":{"line":74,"column":15}},"loc":{"start":{"line":74,"column":30},"end":{"line":87,"column":5}},"line":74},"14":{"name":"(anonymous_14)","decl":{"start":{"line":77,"column":9},"end":{"line":77,"column":10}},"loc":{"start":{"line":77,"column":35},"end":{"line":86,"column":7}},"line":77},"15":{"name":"(anonymous_15)","decl":{"start":{"line":88,"column":21},"end":{"line":88,"column":22}},"loc":{"start":{"line":88,"column":33},"end":{"line":90,"column":5}},"line":88},"16":{"name":"(anonymous_16)","decl":{"start":{"line":91,"column":15},"end":{"line":91,"column":16}},"loc":{"start":{"line":91,"column":27},"end":{"line":94,"column":5}},"line":91},"17":{"name":"(anonymous_17)","decl":{"start":{"line":97,"column":65},"end":{"line":97,"column":66}},"loc":{"start":{"line":97,"column":77},"end":{"line":120,"column":3}},"line":97},"18":{"name":"(anonymous_18)","decl":{"start":{"line":99,"column":14},"end":{"line":99,"column":15}},"loc":{"start":{"line":99,"column":30},"end":{"line":112,"column":5}},"line":99},"19":{"name":"(anonymous_19)","decl":{"start":{"line":102,"column":9},"end":{"line":102,"column":10}},"loc":{"start":{"line":102,"column":35},"end":{"line":111,"column":7}},"line":102},"20":{"name":"(anonymous_20)","decl":{"start":{"line":113,"column":21},"end":{"line":113,"column":22}},"loc":{"start":{"line":113,"column":33},"end":{"line":115,"column":5}},"line":113},"21":{"name":"(anonymous_21)","decl":{"start":{"line":116,"column":15},"end":{"line":116,"column":16}},"loc":{"start":{"line":116,"column":27},"end":{"line":119,"column":5}},"line":116},"22":{"name":"(anonymous_22)","decl":{"start":{"line":122,"column":68},"end":{"line":122,"column":69}},"loc":{"start":{"line":122,"column":80},"end":{"line":149,"column":3}},"line":122},"23":{"name":"(anonymous_23)","decl":{"start":{"line":124,"column":14},"end":{"line":124,"column":15}},"loc":{"start":{"line":124,"column":30},"end":{"line":141,"column":5}},"line":124},"24":{"name":"(anonymous_24)","decl":{"start":{"line":131,"column":9},"end":{"line":131,"column":10}},"loc":{"start":{"line":131,"column":35},"end":{"line":140,"column":7}},"line":131},"25":{"name":"(anonymous_25)","decl":{"start":{"line":142,"column":21},"end":{"line":142,"column":22}},"loc":{"start":{"line":142,"column":33},"end":{"line":144,"column":5}},"line":142},"26":{"name":"(anonymous_26)","decl":{"start":{"line":145,"column":15},"end":{"line":145,"column":16}},"loc":{"start":{"line":145,"column":27},"end":{"line":148,"column":5}},"line":145}},"branchMap":{"0":{"loc":{"start":{"line":11,"column":46},"end":{"line":11,"column":92}},"type":"cond-expr","locations":[{"start":{"line":11,"column":70},"end":{"line":11,"column":73}},{"start":{"line":11,"column":76},"end":{"line":11,"column":92}}],"line":11},"1":{"loc":{"start":{"line":11,"column":46},"end":{"line":11,"column":67}},"type":"binary-expr","locations":[{"start":{"line":11,"column":46},"end":{"line":11,"column":49}},{"start":{"line":11,"column":53},"end":{"line":11,"column":67}}],"line":11},"2":{"loc":{"start":{"line":13,"column":24},"end":{"line":13,"column":328}},"type":"if","locations":[{"start":{"line":13,"column":24},"end":{"line":13,"column":328}},{"start":{"line":13,"column":24},"end":{"line":13,"column":328}}],"line":13},"3":{"loc":{"start":{"line":13,"column":28},"end":{"line":13,"column":95}},"type":"binary-expr","locations":[{"start":{"line":13,"column":28},"end":{"line":13,"column":56}},{"start":{"line":13,"column":60},"end":{"line":13,"column":95}}],"line":13},"4":{"loc":{"start":{"line":13,"column":205},"end":{"line":13,"column":322}},"type":"cond-expr","locations":[{"start":{"line":13,"column":301},"end":{"line":13,"column":309}},{"start":{"line":13,"column":312},"end":{"line":13,"column":322}}],"line":13},"5":{"loc":{"start":{"line":13,"column":205},"end":{"line":13,"column":298}},"type":"binary-expr","locations":[{"start":{"line":13,"column":205},"end":{"line":13,"column":208}},{"start":{"line":13,"column":212},"end":{"line":13,"column":240}},{"start":{"line":13,"column":244},"end":{"line":13,"column":270}},{"start":{"line":13,"column":274},"end":{"line":13,"column":298}}],"line":13},"6":{"loc":{"start":{"line":51,"column":8},"end":{"line":58,"column":9}},"type":"if","locations":[{"start":{"line":51,"column":8},"end":{"line":58,"column":9}},{"start":{"line":51,"column":8},"end":{"line":58,"column":9}}],"line":51},"7":{"loc":{"start":{"line":80,"column":8},"end":{"line":83,"column":9}},"type":"if","locations":[{"start":{"line":80,"column":8},"end":{"line":83,"column":9}},{"start":{"line":80,"column":8},"end":{"line":83,"column":9}}],"line":80},"8":{"loc":{"start":{"line":105,"column":8},"end":{"line":108,"column":9}},"type":"if","locations":[{"start":{"line":105,"column":8},"end":{"line":108,"column":9}},{"start":{"line":105,"column":8},"end":{"line":108,"column":9}}],"line":105},"9":{"loc":{"start":{"line":134,"column":8},"end":{"line":137,"column":9}},"type":"if","locations":[{"start":{"line":134,"column":8},"end":{"line":137,"column":9}},{"start":{"line":134,"column":8},"end":{"line":137,"column":9}}],"line":134}},"s":{"0":1,"1":1,"2":1,"3":1,"4":4,"5":1,"6":1,"7":1,"8":0,"9":0,"10":1,"11":1,"12":1,"13":1,"14":1,"15":1,"16":1,"17":1,"18":1,"19":1,"20":1,"21":1,"22":1,"23":1,"24":1,"25":1,"26":1,"27":1,"28":1,"29":1,"30":1,"31":1,"32":1,"33":1,"34":1,"35":1,"36":1,"37":1,"38":1,"39":1,"40":1,"41":1,"42":1,"43":1,"44":1,"45":1,"46":1,"47":1,"48":1,"49":1,"50":1,"51":1,"52":1,"53":1,"54":1,"55":1,"56":1,"57":1,"58":1,"59":1,"60":1,"61":1,"62":1,"63":1,"64":1,"65":1,"66":1,"67":1,"68":1,"69":1,"70":1,"71":1,"72":1,"73":1,"74":1,"75":1,"76":1,"77":1,"78":1,"79":1,"80":1},"f":{"0":4,"1":1,"2":1,"3":0,"4":1,"5":1,"6":1,"7":1,"8":1,"9":1,"10":1,"11":1,"12":1,"13":1,"14":1,"15":1,"16":1,"17":1,"18":1,"19":1,"20":1,"21":1,"22":1,"23":1,"24":1,"25":1,"26":1},"b":{"0":[2,2],"1":[4,4],"2":[1,0],"3":[1,1],"4":[0,0],"5":[0,0,0,0],"6":[1,0],"7":[1,0],"8":[1,0],"9":[1,0]},"_coverageSchema":"43e27e138ebf9cfc5966b082cf9a028302ed4184","hash":"ed7b0fda232018a071496ee5de46dcea669dc9fa","contentHash":"8cf8d98f1c07aa7aae15a2f8e3d00902"},"/Users/oem/Documents/GitHub/sendit-api/src/models/User.js":{"path":"/Users/oem/Documents/GitHub/sendit-api/src/models/User.js","statementMap":{"0":{"start":{"line":3,"column":0},"end":{"line":5,"column":3}},"1":{"start":{"line":6,"column":0},"end":{"line":6,"column":25}},"2":{"start":{"line":8,"column":18},"end":{"line":8,"column":64}},"3":{"start":{"line":10,"column":39},"end":{"line":10,"column":93}},"4":{"start":{"line":12,"column":24},"end":{"line":12,"column":328}},"5":{"start":{"line":12,"column":99},"end":{"line":12,"column":154}},"6":{"start":{"line":12,"column":133},"end":{"line":12,"column":151}},"7":{"start":{"line":12,"column":164},"end":{"line":12,"column":326}},"8":{"start":{"line":12,"column":198},"end":{"line":12,"column":323}},"9":{"start":{"line":12,"column":329},"end":{"line":12,"column":349}},"10":{"start":{"line":14,"column":50},"end":{"line":14,"column":151}},"11":{"start":{"line":14,"column":92},"end":{"line":14,"column":149}},"12":{"start":{"line":16,"column":44},"end":{"line":16,"column":315}},"13":{"start":{"line":16,"column":102},"end":{"line":16,"column":110}},"14":{"start":{"line":16,"column":112},"end":{"line":16,"column":167}},"15":{"start":{"line":16,"column":168},"end":{"line":16,"column":199}},"16":{"start":{"line":16,"column":200},"end":{"line":16,"column":254}},"17":{"start":{"line":16,"column":227},"end":{"line":16,"column":254}},"18":{"start":{"line":16,"column":255},"end":{"line":16,"column":313}},"19":{"start":{"line":18,"column":62},"end":{"line":18,"column":131}},"20":{"start":{"line":18,"column":78},"end":{"line":18,"column":131}},"21":{"start":{"line":18,"column":132},"end":{"line":18,"column":193}},"22":{"start":{"line":18,"column":149},"end":{"line":18,"column":193}},"23":{"start":{"line":18,"column":194},"end":{"line":18,"column":213}},"24":{"start":{"line":20,"column":50},"end":{"line":20,"column":138}},"25":{"start":{"line":20,"column":124},"end":{"line":20,"column":136}},"26":{"start":{"line":20,"column":139},"end":{"line":20,"column":175}},"27":{"start":{"line":22,"column":40},"end":{"line":22,"column":151}},"28":{"start":{"line":22,"column":63},"end":{"line":22,"column":149}},"29":{"start":{"line":22,"column":152},"end":{"line":22,"column":164}},"30":{"start":{"line":24,"column":30},"end":{"line":24,"column":176}},"31":{"start":{"line":24,"column":126},"end":{"line":24,"column":173}},"32":{"start":{"line":24,"column":177},"end":{"line":24,"column":203}},"33":{"start":{"line":26,"column":43},"end":{"line":26,"column":182}},"34":{"start":{"line":26,"column":106},"end":{"line":26,"column":180}},"35":{"start":{"line":26,"column":183},"end":{"line":26,"column":328}},"36":{"start":{"line":26,"column":329},"end":{"line":26,"column":383}},"37":{"start":{"line":26,"column":345},"end":{"line":26,"column":383}},"38":{"start":{"line":28,"column":33},"end":{"line":28,"column":138}},"39":{"start":{"line":28,"column":109},"end":{"line":28,"column":125}},"40":{"start":{"line":28,"column":126},"end":{"line":28,"column":135}},"41":{"start":{"line":28,"column":139},"end":{"line":28,"column":168}},"42":{"start":{"line":32,"column":0},"end":{"line":66,"column":22}},"43":{"start":{"line":33,"column":2},"end":{"line":33,"column":30}},"44":{"start":{"line":38,"column":4},"end":{"line":38,"column":32}},"45":{"start":{"line":40,"column":4},"end":{"line":40,"column":85}},"46":{"start":{"line":41,"column":4},"end":{"line":41,"column":30}},"47":{"start":{"line":42,"column":4},"end":{"line":42,"column":28}},"48":{"start":{"line":44,"column":4},"end":{"line":44,"column":65}},"49":{"start":{"line":45,"column":4},"end":{"line":45,"column":17}},"50":{"start":{"line":49,"column":2},"end":{"line":63,"column":6}},"51":{"start":{"line":52,"column":18},"end":{"line":52,"column":88}},"52":{"start":{"line":53,"column":6},"end":{"line":53,"column":30}},"53":{"start":{"line":53,"column":18},"end":{"line":53,"column":30}},"54":{"start":{"line":54,"column":18},"end":{"line":54,"column":46}},"55":{"start":{"line":55,"column":6},"end":{"line":55,"column":52}},"56":{"start":{"line":55,"column":40},"end":{"line":55,"column":52}},"57":{"start":{"line":56,"column":17},"end":{"line":58,"column":19}},"58":{"start":{"line":57,"column":8},"end":{"line":57,"column":35}},"59":{"start":{"line":59,"column":6},"end":{"line":59,"column":29}},"60":{"start":{"line":59,"column":17},"end":{"line":59,"column":29}},"61":{"start":{"line":60,"column":6},"end":{"line":60,"column":30}},"62":{"start":{"line":61,"column":6},"end":{"line":61,"column":18}},"63":{"start":{"line":65,"column":2},"end":{"line":65,"column":14}},"64":{"start":{"line":68,"column":15},"end":{"line":68,"column":19}},"65":{"start":{"line":69,"column":0},"end":{"line":69,"column":27}}},"fnMap":{"0":{"name":"_interopRequireDefault","decl":{"start":{"line":10,"column":9},"end":{"line":10,"column":31}},"loc":{"start":{"line":10,"column":37},"end":{"line":10,"column":95}},"line":10},"1":{"name":"_typeof","decl":{"start":{"line":12,"column":9},"end":{"line":12,"column":16}},"loc":{"start":{"line":12,"column":22},"end":{"line":12,"column":351}},"line":12},"2":{"name":"_typeof","decl":{"start":{"line":12,"column":118},"end":{"line":12,"column":125}},"loc":{"start":{"line":12,"column":131},"end":{"line":12,"column":153}},"line":12},"3":{"name":"_typeof","decl":{"start":{"line":12,"column":183},"end":{"line":12,"column":190}},"loc":{"start":{"line":12,"column":196},"end":{"line":12,"column":325}},"line":12},"4":{"name":"_classCallCheck","decl":{"start":{"line":14,"column":9},"end":{"line":14,"column":24}},"loc":{"start":{"line":14,"column":48},"end":{"line":14,"column":153}},"line":14},"5":{"name":"_defineProperties","decl":{"start":{"line":16,"column":9},"end":{"line":16,"column":26}},"loc":{"start":{"line":16,"column":42},"end":{"line":16,"column":317}},"line":16},"6":{"name":"_createClass","decl":{"start":{"line":18,"column":9},"end":{"line":18,"column":21}},"loc":{"start":{"line":18,"column":60},"end":{"line":18,"column":215}},"line":18},"7":{"name":"_possibleConstructorReturn","decl":{"start":{"line":20,"column":9},"end":{"line":20,"column":35}},"loc":{"start":{"line":20,"column":48},"end":{"line":20,"column":177}},"line":20},"8":{"name":"_assertThisInitialized","decl":{"start":{"line":22,"column":9},"end":{"line":22,"column":31}},"loc":{"start":{"line":22,"column":38},"end":{"line":22,"column":166}},"line":22},"9":{"name":"_getPrototypeOf","decl":{"start":{"line":24,"column":9},"end":{"line":24,"column":24}},"loc":{"start":{"line":24,"column":28},"end":{"line":24,"column":205}},"line":24},"10":{"name":"_getPrototypeOf","decl":{"start":{"line":24,"column":105},"end":{"line":24,"column":120}},"loc":{"start":{"line":24,"column":124},"end":{"line":24,"column":175}},"line":24},"11":{"name":"_inherits","decl":{"start":{"line":26,"column":9},"end":{"line":26,"column":18}},"loc":{"start":{"line":26,"column":41},"end":{"line":26,"column":385}},"line":26},"12":{"name":"_setPrototypeOf","decl":{"start":{"line":28,"column":9},"end":{"line":28,"column":24}},"loc":{"start":{"line":28,"column":31},"end":{"line":28,"column":170}},"line":28},"13":{"name":"_setPrototypeOf","decl":{"start":{"line":28,"column":85},"end":{"line":28,"column":100}},"loc":{"start":{"line":28,"column":107},"end":{"line":28,"column":137}},"line":28},"14":{"name":"(anonymous_14)","decl":{"start":{"line":32,"column":0},"end":{"line":32,"column":1}},"loc":{"start":{"line":32,"column":22},"end":{"line":66,"column":1}},"line":32},"15":{"name":"User","decl":{"start":{"line":35,"column":11},"end":{"line":35,"column":15}},"loc":{"start":{"line":35,"column":22},"end":{"line":46,"column":3}},"line":35},"16":{"name":"findByEmail","decl":{"start":{"line":51,"column":20},"end":{"line":51,"column":31}},"loc":{"start":{"line":51,"column":34},"end":{"line":62,"column":5}},"line":51},"17":{"name":"(anonymous_17)","decl":{"start":{"line":56,"column":30},"end":{"line":56,"column":31}},"loc":{"start":{"line":56,"column":45},"end":{"line":58,"column":7}},"line":56}},"branchMap":{"0":{"loc":{"start":{"line":10,"column":46},"end":{"line":10,"column":92}},"type":"cond-expr","locations":[{"start":{"line":10,"column":70},"end":{"line":10,"column":73}},{"start":{"line":10,"column":76},"end":{"line":10,"column":92}}],"line":10},"1":{"loc":{"start":{"line":10,"column":46},"end":{"line":10,"column":67}},"type":"binary-expr","locations":[{"start":{"line":10,"column":46},"end":{"line":10,"column":49}},{"start":{"line":10,"column":53},"end":{"line":10,"column":67}}],"line":10},"2":{"loc":{"start":{"line":12,"column":24},"end":{"line":12,"column":328}},"type":"if","locations":[{"start":{"line":12,"column":24},"end":{"line":12,"column":328}},{"start":{"line":12,"column":24},"end":{"line":12,"column":328}}],"line":12},"3":{"loc":{"start":{"line":12,"column":28},"end":{"line":12,"column":95}},"type":"binary-expr","locations":[{"start":{"line":12,"column":28},"end":{"line":12,"column":56}},{"start":{"line":12,"column":60},"end":{"line":12,"column":95}}],"line":12},"4":{"loc":{"start":{"line":12,"column":205},"end":{"line":12,"column":322}},"type":"cond-expr","locations":[{"start":{"line":12,"column":301},"end":{"line":12,"column":309}},{"start":{"line":12,"column":312},"end":{"line":12,"column":322}}],"line":12},"5":{"loc":{"start":{"line":12,"column":205},"end":{"line":12,"column":298}},"type":"binary-expr","locations":[{"start":{"line":12,"column":205},"end":{"line":12,"column":208}},{"start":{"line":12,"column":212},"end":{"line":12,"column":240}},{"start":{"line":12,"column":244},"end":{"line":12,"column":270}},{"start":{"line":12,"column":274},"end":{"line":12,"column":298}}],"line":12},"6":{"loc":{"start":{"line":14,"column":50},"end":{"line":14,"column":151}},"type":"if","locations":[{"start":{"line":14,"column":50},"end":{"line":14,"column":151}},{"start":{"line":14,"column":50},"end":{"line":14,"column":151}}],"line":14},"7":{"loc":{"start":{"line":16,"column":136},"end":{"line":16,"column":166}},"type":"binary-expr","locations":[{"start":{"line":16,"column":136},"end":{"line":16,"column":157}},{"start":{"line":16,"column":161},"end":{"line":16,"column":166}}],"line":16},"8":{"loc":{"start":{"line":16,"column":200},"end":{"line":16,"column":254}},"type":"if","locations":[{"start":{"line":16,"column":200},"end":{"line":16,"column":254}},{"start":{"line":16,"column":200},"end":{"line":16,"column":254}}],"line":16},"9":{"loc":{"start":{"line":18,"column":62},"end":{"line":18,"column":131}},"type":"if","locations":[{"start":{"line":18,"column":62},"end":{"line":18,"column":131}},{"start":{"line":18,"column":62},"end":{"line":18,"column":131}}],"line":18},"10":{"loc":{"start":{"line":18,"column":132},"end":{"line":18,"column":193}},"type":"if","locations":[{"start":{"line":18,"column":132},"end":{"line":18,"column":193}},{"start":{"line":18,"column":132},"end":{"line":18,"column":193}}],"line":18},"11":{"loc":{"start":{"line":20,"column":50},"end":{"line":20,"column":138}},"type":"if","locations":[{"start":{"line":20,"column":50},"end":{"line":20,"column":138}},{"start":{"line":20,"column":50},"end":{"line":20,"column":138}}],"line":20},"12":{"loc":{"start":{"line":20,"column":54},"end":{"line":20,"column":120}},"type":"binary-expr","locations":[{"start":{"line":20,"column":54},"end":{"line":20,"column":58}},{"start":{"line":20,"column":63},"end":{"line":20,"column":89}},{"start":{"line":20,"column":93},"end":{"line":20,"column":119}}],"line":20},"13":{"loc":{"start":{"line":22,"column":40},"end":{"line":22,"column":151}},"type":"if","locations":[{"start":{"line":22,"column":40},"end":{"line":22,"column":151}},{"start":{"line":22,"column":40},"end":{"line":22,"column":151}}],"line":22},"14":{"loc":{"start":{"line":24,"column":48},"end":{"line":24,"column":175}},"type":"cond-expr","locations":[{"start":{"line":24,"column":72},"end":{"line":24,"column":93}},{"start":{"line":24,"column":96},"end":{"line":24,"column":175}}],"line":24},"15":{"loc":{"start":{"line":24,"column":133},"end":{"line":24,"column":172}},"type":"binary-expr","locations":[{"start":{"line":24,"column":133},"end":{"line":24,"column":144}},{"start":{"line":24,"column":148},"end":{"line":24,"column":172}}],"line":24},"16":{"loc":{"start":{"line":26,"column":43},"end":{"line":26,"column":182}},"type":"if","locations":[{"start":{"line":26,"column":43},"end":{"line":26,"column":182}},{"start":{"line":26,"column":43},"end":{"line":26,"column":182}}],"line":26},"17":{"loc":{"start":{"line":26,"column":47},"end":{"line":26,"column":102}},"type":"binary-expr","locations":[{"start":{"line":26,"column":47},"end":{"line":26,"column":79}},{"start":{"line":26,"column":83},"end":{"line":26,"column":102}}],"line":26},"18":{"loc":{"start":{"line":26,"column":218},"end":{"line":26,"column":252}},"type":"binary-expr","locations":[{"start":{"line":26,"column":218},"end":{"line":26,"column":228}},{"start":{"line":26,"column":232},"end":{"line":26,"column":252}}],"line":26},"19":{"loc":{"start":{"line":26,"column":329},"end":{"line":26,"column":383}},"type":"if","locations":[{"start":{"line":26,"column":329},"end":{"line":26,"column":383}},{"start":{"line":26,"column":329},"end":{"line":26,"column":383}}],"line":26},"20":{"loc":{"start":{"line":28,"column":51},"end":{"line":28,"column":137}},"type":"binary-expr","locations":[{"start":{"line":28,"column":51},"end":{"line":28,"column":72}},{"start":{"line":28,"column":76},"end":{"line":28,"column":137}}],"line":28},"21":{"loc":{"start":{"line":52,"column":18},"end":{"line":52,"column":88}},"type":"cond-expr","locations":[{"start":{"line":52,"column":71},"end":{"line":52,"column":83}},{"start":{"line":52,"column":86},"end":{"line":52,"column":88}}],"line":52},"22":{"loc":{"start":{"line":52,"column":18},"end":{"line":52,"column":68}},"type":"binary-expr","locations":[{"start":{"line":52,"column":18},"end":{"line":52,"column":38}},{"start":{"line":52,"column":42},"end":{"line":52,"column":68}}],"line":52},"23":{"loc":{"start":{"line":53,"column":6},"end":{"line":53,"column":30}},"type":"if","locations":[{"start":{"line":53,"column":6},"end":{"line":53,"column":30}},{"start":{"line":53,"column":6},"end":{"line":53,"column":30}}],"line":53},"24":{"loc":{"start":{"line":54,"column":18},"end":{"line":54,"column":46}},"type":"binary-expr","locations":[{"start":{"line":54,"column":18},"end":{"line":54,"column":40}},{"start":{"line":54,"column":44},"end":{"line":54,"column":46}}],"line":54},"25":{"loc":{"start":{"line":55,"column":6},"end":{"line":55,"column":52}},"type":"if","locations":[{"start":{"line":55,"column":6},"end":{"line":55,"column":52}},{"start":{"line":55,"column":6},"end":{"line":55,"column":52}}],"line":55},"26":{"loc":{"start":{"line":55,"column":10},"end":{"line":55,"column":38}},"type":"binary-expr","locations":[{"start":{"line":55,"column":10},"end":{"line":55,"column":16}},{"start":{"line":55,"column":20},"end":{"line":55,"column":38}}],"line":55},"27":{"loc":{"start":{"line":56,"column":17},"end":{"line":58,"column":19}},"type":"binary-expr","locations":[{"start":{"line":56,"column":17},"end":{"line":58,"column":11}},{"start":{"line":58,"column":15},"end":{"line":58,"column":19}}],"line":56},"28":{"loc":{"start":{"line":59,"column":6},"end":{"line":59,"column":29}},"type":"if","locations":[{"start":{"line":59,"column":6},"end":{"line":59,"column":29}},{"start":{"line":59,"column":6},"end":{"line":59,"column":29}}],"line":59}},"s":{"0":1,"1":1,"2":1,"3":1,"4":0,"5":0,"6":0,"7":0,"8":0,"9":0,"10":5,"11":0,"12":1,"13":1,"14":1,"15":1,"16":1,"17":1,"18":1,"19":1,"20":1,"21":1,"22":0,"23":1,"24":5,"25":0,"26":5,"27":5,"28":0,"29":5,"30":1,"31":0,"32":1,"33":1,"34":0,"35":1,"36":1,"37":1,"38":1,"39":0,"40":0,"41":1,"42":1,"43":1,"44":5,"45":5,"46":5,"47":5,"48":5,"49":5,"50":1,"51":2,"52":2,"53":0,"54":2,"55":2,"56":0,"57":2,"58":5,"59":2,"60":0,"61":2,"62":2,"63":1,"64":1,"65":1},"f":{"0":1,"1":0,"2":0,"3":0,"4":5,"5":1,"6":1,"7":5,"8":5,"9":1,"10":0,"11":1,"12":1,"13":0,"14":1,"15":5,"16":2,"17":5},"b":{"0":[1,0],"1":[1,1],"2":[0,0],"3":[0,0],"4":[0,0],"5":[0,0,0,0],"6":[0,5],"7":[1,1],"8":[1,0],"9":[1,0],"10":[0,1],"11":[0,5],"12":[5,0,0],"13":[0,5],"14":[1,0],"15":[0,0],"16":[0,1],"17":[1,0],"18":[1,1],"19":[1,0],"20":[1,0],"21":[2,0],"22":[2,2],"23":[0,2],"24":[2,0],"25":[0,2],"26":[2,2],"27":[2,0],"28":[0,2]},"_coverageSchema":"43e27e138ebf9cfc5966b082cf9a028302ed4184","hash":"33ac138d9f7aa795139c20b8f5d01b76d5b58f07","contentHash":"a1395aa6d9a47c84b1a1682894bf4c95"},"/Users/oem/Documents/GitHub/sendit-api/src/models/BaseModel.js":{"path":"/Users/oem/Documents/GitHub/sendit-api/src/models/BaseModel.js","statementMap":{"0":{"start":{"line":3,"column":0},"end":{"line":5,"column":3}},"1":{"start":{"line":6,"column":0},"end":{"line":6,"column":25}},"2":{"start":{"line":8,"column":13},"end":{"line":8,"column":53}},"3":{"start":{"line":10,"column":39},"end":{"line":10,"column":93}},"4":{"start":{"line":12,"column":35},"end":{"line":12,"column":115}},"5":{"start":{"line":14,"column":32},"end":{"line":14,"column":103}},"6":{"start":{"line":16,"column":34},"end":{"line":16,"column":160}},"7":{"start":{"line":16,"column":136},"end":{"line":16,"column":160}},"8":{"start":{"line":18,"column":35},"end":{"line":18,"column":164}},"9":{"start":{"line":18,"column":61},"end":{"line":18,"column":149}},"10":{"start":{"line":18,"column":130},"end":{"line":18,"column":147}},"11":{"start":{"line":18,"column":150},"end":{"line":18,"column":162}},"12":{"start":{"line":20,"column":33},"end":{"line":20,"column":464}},"13":{"start":{"line":20,"column":91},"end":{"line":20,"column":131}},"14":{"start":{"line":20,"column":147},"end":{"line":20,"column":166}},"15":{"start":{"line":20,"column":168},"end":{"line":20,"column":382}},"16":{"start":{"line":20,"column":226},"end":{"line":20,"column":380}},"17":{"start":{"line":20,"column":312},"end":{"line":20,"column":375}},"18":{"start":{"line":20,"column":383},"end":{"line":20,"column":462}},"19":{"start":{"line":20,"column":416},"end":{"line":20,"column":458}},"20":{"start":{"line":20,"column":465},"end":{"line":20,"column":479}},"21":{"start":{"line":22,"column":44},"end":{"line":22,"column":195}},"22":{"start":{"line":22,"column":62},"end":{"line":22,"column":166}},"23":{"start":{"line":22,"column":176},"end":{"line":22,"column":193}},"24":{"start":{"line":22,"column":196},"end":{"line":22,"column":207}},"25":{"start":{"line":24,"column":50},"end":{"line":24,"column":151}},"26":{"start":{"line":24,"column":92},"end":{"line":24,"column":149}},"27":{"start":{"line":26,"column":44},"end":{"line":26,"column":315}},"28":{"start":{"line":26,"column":102},"end":{"line":26,"column":110}},"29":{"start":{"line":26,"column":112},"end":{"line":26,"column":167}},"30":{"start":{"line":26,"column":168},"end":{"line":26,"column":199}},"31":{"start":{"line":26,"column":200},"end":{"line":26,"column":254}},"32":{"start":{"line":26,"column":227},"end":{"line":26,"column":254}},"33":{"start":{"line":26,"column":255},"end":{"line":26,"column":313}},"34":{"start":{"line":28,"column":62},"end":{"line":28,"column":131}},"35":{"start":{"line":28,"column":78},"end":{"line":28,"column":131}},"36":{"start":{"line":28,"column":132},"end":{"line":28,"column":193}},"37":{"start":{"line":28,"column":149},"end":{"line":28,"column":193}},"38":{"start":{"line":28,"column":194},"end":{"line":28,"column":213}},"39":{"start":{"line":32,"column":0},"end":{"line":198,"column":3}},"40":{"start":{"line":34,"column":15},"end":{"line":34,"column":85}},"41":{"start":{"line":36,"column":4},"end":{"line":36,"column":37}},"42":{"start":{"line":38,"column":4},"end":{"line":38,"column":24}},"43":{"start":{"line":40,"column":4},"end":{"line":42,"column":5}},"44":{"start":{"line":41,"column":6},"end":{"line":41,"column":30}},"45":{"start":{"line":45,"column":2},"end":{"line":195,"column":6}},"46":{"start":{"line":48,"column":17},"end":{"line":48,"column":87}},"47":{"start":{"line":49,"column":28},"end":{"line":49,"column":43}},"48":{"start":{"line":50,"column":23},"end":{"line":50,"column":75}},"49":{"start":{"line":52,"column":19},"end":{"line":52,"column":42}},"50":{"start":{"line":56,"column":6},"end":{"line":58,"column":7}},"51":{"start":{"line":57,"column":8},"end":{"line":57,"column":51}},"52":{"start":{"line":60,"column":6},"end":{"line":62,"column":7}},"53":{"start":{"line":61,"column":8},"end":{"line":61,"column":32}},"54":{"start":{"line":64,"column":6},"end":{"line":66,"column":7}},"55":{"start":{"line":65,"column":8},"end":{"line":65,"column":29}},"56":{"start":{"line":68,"column":6},"end":{"line":75,"column":7}},"57":{"start":{"line":70,"column":8},"end":{"line":74,"column":11}},"58":{"start":{"line":71,"column":10},"end":{"line":73,"column":11}},"59":{"start":{"line":72,"column":12},"end":{"line":72,"column":33}},"60":{"start":{"line":77,"column":6},"end":{"line":77,"column":39}},"61":{"start":{"line":83,"column":15},"end":{"line":83,"column":85}},"62":{"start":{"line":84,"column":6},"end":{"line":84,"column":27}},"63":{"start":{"line":84,"column":15},"end":{"line":84,"column":27}},"64":{"start":{"line":85,"column":18},"end":{"line":85,"column":20}},"65":{"start":{"line":87,"column":6},"end":{"line":89,"column":7}},"66":{"start":{"line":88,"column":8},"end":{"line":88,"column":59}},"67":{"start":{"line":91,"column":6},"end":{"line":91,"column":49}},"68":{"start":{"line":91,"column":37},"end":{"line":91,"column":49}},"69":{"start":{"line":92,"column":17},"end":{"line":94,"column":19}},"70":{"start":{"line":93,"column":8},"end":{"line":93,"column":29}},"71":{"start":{"line":95,"column":6},"end":{"line":95,"column":30}},"72":{"start":{"line":96,"column":6},"end":{"line":96,"column":18}},"73":{"start":{"line":102,"column":18},"end":{"line":102,"column":22}},"74":{"start":{"line":104,"column":19},"end":{"line":104,"column":89}},"75":{"start":{"line":106,"column":6},"end":{"line":113,"column":7}},"76":{"start":{"line":107,"column":19},"end":{"line":107,"column":38}},"77":{"start":{"line":108,"column":8},"end":{"line":112,"column":11}},"78":{"start":{"line":109,"column":10},"end":{"line":111,"column":11}},"79":{"start":{"line":110,"column":12},"end":{"line":110,"column":37}},"80":{"start":{"line":119,"column":6},"end":{"line":119,"column":42}},"81":{"start":{"line":126,"column":6},"end":{"line":131,"column":7}},"82":{"start":{"line":127,"column":8},"end":{"line":127,"column":36}},"83":{"start":{"line":128,"column":8},"end":{"line":128,"column":40}},"84":{"start":{"line":130,"column":8},"end":{"line":130,"column":36}},"85":{"start":{"line":137,"column":19},"end":{"line":137,"column":23}},"86":{"start":{"line":139,"column":18},"end":{"line":139,"column":88}},"87":{"start":{"line":140,"column":29},"end":{"line":140,"column":45}},"88":{"start":{"line":141,"column":23},"end":{"line":141,"column":77}},"89":{"start":{"line":144,"column":6},"end":{"line":146,"column":7}},"90":{"start":{"line":145,"column":8},"end":{"line":145,"column":45}},"91":{"start":{"line":148,"column":6},"end":{"line":150,"column":7}},"92":{"start":{"line":149,"column":8},"end":{"line":149,"column":47}},"93":{"start":{"line":153,"column":6},"end":{"line":155,"column":7}},"94":{"start":{"line":154,"column":8},"end":{"line":154,"column":36}},"95":{"start":{"line":157,"column":18},"end":{"line":157,"column":40}},"96":{"start":{"line":159,"column":6},"end":{"line":166,"column":7}},"97":{"start":{"line":161,"column":8},"end":{"line":165,"column":9}},"98":{"start":{"line":162,"column":10},"end":{"line":162,"column":64}},"99":{"start":{"line":164,"column":10},"end":{"line":164,"column":75}},"100":{"start":{"line":168,"column":6},"end":{"line":168,"column":24}},"101":{"start":{"line":170,"column":6},"end":{"line":189,"column":7}},"102":{"start":{"line":171,"column":8},"end":{"line":171,"column":40}},"103":{"start":{"line":174,"column":8},"end":{"line":182,"column":11}},"104":{"start":{"line":175,"column":10},"end":{"line":179,"column":11}},"105":{"start":{"line":176,"column":12},"end":{"line":178,"column":15}},"106":{"start":{"line":181,"column":10},"end":{"line":181,"column":22}},"107":{"start":{"line":183,"column":8},"end":{"line":183,"column":59}},"108":{"start":{"line":186,"column":8},"end":{"line":188,"column":13}},"109":{"start":{"line":191,"column":6},"end":{"line":193,"column":9}},"110":{"start":{"line":197,"column":2},"end":{"line":197,"column":19}},"111":{"start":{"line":200,"column":15},"end":{"line":200,"column":24}},"112":{"start":{"line":201,"column":0},"end":{"line":201,"column":27}}},"fnMap":{"0":{"name":"_interopRequireDefault","decl":{"start":{"line":10,"column":9},"end":{"line":10,"column":31}},"loc":{"start":{"line":10,"column":37},"end":{"line":10,"column":95}},"line":10},"1":{"name":"_toConsumableArray","decl":{"start":{"line":12,"column":9},"end":{"line":12,"column":27}},"loc":{"start":{"line":12,"column":33},"end":{"line":12,"column":117}},"line":12},"2":{"name":"_nonIterableSpread","decl":{"start":{"line":14,"column":9},"end":{"line":14,"column":27}},"loc":{"start":{"line":14,"column":30},"end":{"line":14,"column":105}},"line":14},"3":{"name":"_iterableToArray","decl":{"start":{"line":16,"column":9},"end":{"line":16,"column":25}},"loc":{"start":{"line":16,"column":32},"end":{"line":16,"column":162}},"line":16},"4":{"name":"_arrayWithoutHoles","decl":{"start":{"line":18,"column":9},"end":{"line":18,"column":27}},"loc":{"start":{"line":18,"column":33},"end":{"line":18,"column":166}},"line":18},"5":{"name":"_objectSpread","decl":{"start":{"line":20,"column":9},"end":{"line":20,"column":22}},"loc":{"start":{"line":20,"column":31},"end":{"line":20,"column":481}},"line":20},"6":{"name":"(anonymous_6)","decl":{"start":{"line":20,"column":295},"end":{"line":20,"column":296}},"loc":{"start":{"line":20,"column":310},"end":{"line":20,"column":377}},"line":20},"7":{"name":"(anonymous_7)","decl":{"start":{"line":20,"column":399},"end":{"line":20,"column":400}},"loc":{"start":{"line":20,"column":414},"end":{"line":20,"column":460}},"line":20},"8":{"name":"_defineProperty","decl":{"start":{"line":22,"column":9},"end":{"line":22,"column":24}},"loc":{"start":{"line":22,"column":42},"end":{"line":22,"column":209}},"line":22},"9":{"name":"_classCallCheck","decl":{"start":{"line":24,"column":9},"end":{"line":24,"column":24}},"loc":{"start":{"line":24,"column":48},"end":{"line":24,"column":153}},"line":24},"10":{"name":"_defineProperties","decl":{"start":{"line":26,"column":9},"end":{"line":26,"column":26}},"loc":{"start":{"line":26,"column":42},"end":{"line":26,"column":317}},"line":26},"11":{"name":"_createClass","decl":{"start":{"line":28,"column":9},"end":{"line":28,"column":21}},"loc":{"start":{"line":28,"column":60},"end":{"line":28,"column":215}},"line":28},"12":{"name":"(anonymous_12)","decl":{"start":{"line":32,"column":0},"end":{"line":32,"column":1}},"loc":{"start":{"line":32,"column":12},"end":{"line":198,"column":1}},"line":32},"13":{"name":"BaseModel","decl":{"start":{"line":33,"column":11},"end":{"line":33,"column":20}},"loc":{"start":{"line":33,"column":23},"end":{"line":43,"column":3}},"line":33},"14":{"name":"toObject","decl":{"start":{"line":47,"column":20},"end":{"line":47,"column":28}},"loc":{"start":{"line":47,"column":31},"end":{"line":78,"column":5}},"line":47},"15":{"name":"(anonymous_15)","decl":{"start":{"line":70,"column":23},"end":{"line":70,"column":24}},"loc":{"start":{"line":70,"column":40},"end":{"line":74,"column":9}},"line":70},"16":{"name":"findById","decl":{"start":{"line":82,"column":20},"end":{"line":82,"column":28}},"loc":{"start":{"line":82,"column":31},"end":{"line":97,"column":5}},"line":82},"17":{"name":"(anonymous_17)","decl":{"start":{"line":92,"column":30},"end":{"line":92,"column":31}},"loc":{"start":{"line":92,"column":45},"end":{"line":94,"column":7}},"line":92},"18":{"name":"updateFields","decl":{"start":{"line":101,"column":20},"end":{"line":101,"column":32}},"loc":{"start":{"line":101,"column":35},"end":{"line":114,"column":5}},"line":101},"19":{"name":"(anonymous_19)","decl":{"start":{"line":108,"column":21},"end":{"line":108,"column":22}},"loc":{"start":{"line":108,"column":36},"end":{"line":112,"column":9}},"line":108},"20":{"name":"getAll","decl":{"start":{"line":118,"column":20},"end":{"line":118,"column":26}},"loc":{"start":{"line":118,"column":29},"end":{"line":120,"column":5}},"line":118},"21":{"name":"updateDate","decl":{"start":{"line":124,"column":20},"end":{"line":124,"column":30}},"loc":{"start":{"line":124,"column":33},"end":{"line":132,"column":5}},"line":124},"22":{"name":"save","decl":{"start":{"line":136,"column":20},"end":{"line":136,"column":24}},"loc":{"start":{"line":136,"column":27},"end":{"line":194,"column":5}},"line":136},"23":{"name":"(anonymous_23)","decl":{"start":{"line":161,"column":23},"end":{"line":161,"column":24}},"loc":{"start":{"line":161,"column":36},"end":{"line":163,"column":9}},"line":161},"24":{"name":"(anonymous_24)","decl":{"start":{"line":170,"column":21},"end":{"line":170,"column":22}},"loc":{"start":{"line":170,"column":34},"end":{"line":172,"column":7}},"line":170},"25":{"name":"(anonymous_25)","decl":{"start":{"line":174,"column":26},"end":{"line":174,"column":27}},"loc":{"start":{"line":174,"column":42},"end":{"line":182,"column":9}},"line":174}},"branchMap":{"0":{"loc":{"start":{"line":10,"column":46},"end":{"line":10,"column":92}},"type":"cond-expr","locations":[{"start":{"line":10,"column":70},"end":{"line":10,"column":73}},{"start":{"line":10,"column":76},"end":{"line":10,"column":92}}],"line":10},"1":{"loc":{"start":{"line":10,"column":46},"end":{"line":10,"column":67}},"type":"binary-expr","locations":[{"start":{"line":10,"column":46},"end":{"line":10,"column":49}},{"start":{"line":10,"column":53},"end":{"line":10,"column":67}}],"line":10},"2":{"loc":{"start":{"line":12,"column":42},"end":{"line":12,"column":114}},"type":"binary-expr","locations":[{"start":{"line":12,"column":42},"end":{"line":12,"column":65}},{"start":{"line":12,"column":69},"end":{"line":12,"column":90}},{"start":{"line":12,"column":94},"end":{"line":12,"column":114}}],"line":12},"3":{"loc":{"start":{"line":16,"column":34},"end":{"line":16,"column":160}},"type":"if","locations":[{"start":{"line":16,"column":34},"end":{"line":16,"column":160}},{"start":{"line":16,"column":34},"end":{"line":16,"column":160}}],"line":16},"4":{"loc":{"start":{"line":16,"column":38},"end":{"line":16,"column":134}},"type":"binary-expr","locations":[{"start":{"line":16,"column":38},"end":{"line":16,"column":69}},{"start":{"line":16,"column":73},"end":{"line":16,"column":134}}],"line":16},"5":{"loc":{"start":{"line":18,"column":35},"end":{"line":18,"column":164}},"type":"if","locations":[{"start":{"line":18,"column":35},"end":{"line":18,"column":164}},{"start":{"line":18,"column":35},"end":{"line":18,"column":164}}],"line":18},"6":{"loc":{"start":{"line":20,"column":91},"end":{"line":20,"column":131}},"type":"cond-expr","locations":[{"start":{"line":20,"column":114},"end":{"line":20,"column":126}},{"start":{"line":20,"column":129},"end":{"line":20,"column":131}}],"line":20},"7":{"loc":{"start":{"line":20,"column":168},"end":{"line":20,"column":382}},"type":"if","locations":[{"start":{"line":20,"column":168},"end":{"line":20,"column":382}},{"start":{"line":20,"column":168},"end":{"line":20,"column":382}}],"line":20},"8":{"loc":{"start":{"line":22,"column":44},"end":{"line":22,"column":195}},"type":"if","locations":[{"start":{"line":22,"column":44},"end":{"line":22,"column":195}},{"start":{"line":22,"column":44},"end":{"line":22,"column":195}}],"line":22},"9":{"loc":{"start":{"line":24,"column":50},"end":{"line":24,"column":151}},"type":"if","locations":[{"start":{"line":24,"column":50},"end":{"line":24,"column":151}},{"start":{"line":24,"column":50},"end":{"line":24,"column":151}}],"line":24},"10":{"loc":{"start":{"line":26,"column":136},"end":{"line":26,"column":166}},"type":"binary-expr","locations":[{"start":{"line":26,"column":136},"end":{"line":26,"column":157}},{"start":{"line":26,"column":161},"end":{"line":26,"column":166}}],"line":26},"11":{"loc":{"start":{"line":26,"column":200},"end":{"line":26,"column":254}},"type":"if","locations":[{"start":{"line":26,"column":200},"end":{"line":26,"column":254}},{"start":{"line":26,"column":200},"end":{"line":26,"column":254}}],"line":26},"12":{"loc":{"start":{"line":28,"column":62},"end":{"line":28,"column":131}},"type":"if","locations":[{"start":{"line":28,"column":62},"end":{"line":28,"column":131}},{"start":{"line":28,"column":62},"end":{"line":28,"column":131}}],"line":28},"13":{"loc":{"start":{"line":28,"column":132},"end":{"line":28,"column":193}},"type":"if","locations":[{"start":{"line":28,"column":132},"end":{"line":28,"column":193}},{"start":{"line":28,"column":132},"end":{"line":28,"column":193}}],"line":28},"14":{"loc":{"start":{"line":34,"column":15},"end":{"line":34,"column":85}},"type":"cond-expr","locations":[{"start":{"line":34,"column":68},"end":{"line":34,"column":80}},{"start":{"line":34,"column":83},"end":{"line":34,"column":85}}],"line":34},"15":{"loc":{"start":{"line":34,"column":15},"end":{"line":34,"column":65}},"type":"binary-expr","locations":[{"start":{"line":34,"column":15},"end":{"line":34,"column":35}},{"start":{"line":34,"column":39},"end":{"line":34,"column":65}}],"line":34},"16":{"loc":{"start":{"line":40,"column":4},"end":{"line":42,"column":5}},"type":"if","locations":[{"start":{"line":40,"column":4},"end":{"line":42,"column":5}},{"start":{"line":40,"column":4},"end":{"line":42,"column":5}}],"line":40},"17":{"loc":{"start":{"line":48,"column":17},"end":{"line":48,"column":87}},"type":"cond-expr","locations":[{"start":{"line":48,"column":70},"end":{"line":48,"column":82}},{"start":{"line":48,"column":85},"end":{"line":48,"column":87}}],"line":48},"18":{"loc":{"start":{"line":48,"column":17},"end":{"line":48,"column":67}},"type":"binary-expr","locations":[{"start":{"line":48,"column":17},"end":{"line":48,"column":37}},{"start":{"line":48,"column":41},"end":{"line":48,"column":67}}],"line":48},"19":{"loc":{"start":{"line":50,"column":23},"end":{"line":50,"column":75}},"type":"cond-expr","locations":[{"start":{"line":50,"column":52},"end":{"line":50,"column":57}},{"start":{"line":50,"column":60},"end":{"line":50,"column":75}}],"line":50},"20":{"loc":{"start":{"line":56,"column":6},"end":{"line":58,"column":7}},"type":"if","locations":[{"start":{"line":56,"column":6},"end":{"line":58,"column":7}},{"start":{"line":56,"column":6},"end":{"line":58,"column":7}}],"line":56},"21":{"loc":{"start":{"line":60,"column":6},"end":{"line":62,"column":7}},"type":"if","locations":[{"start":{"line":60,"column":6},"end":{"line":62,"column":7}},{"start":{"line":60,"column":6},"end":{"line":62,"column":7}}],"line":60},"22":{"loc":{"start":{"line":64,"column":6},"end":{"line":66,"column":7}},"type":"if","locations":[{"start":{"line":64,"column":6},"end":{"line":66,"column":7}},{"start":{"line":64,"column":6},"end":{"line":66,"column":7}}],"line":64},"23":{"loc":{"start":{"line":68,"column":6},"end":{"line":75,"column":7}},"type":"if","locations":[{"start":{"line":68,"column":6},"end":{"line":75,"column":7}},{"start":{"line":68,"column":6},"end":{"line":75,"column":7}}],"line":68},"24":{"loc":{"start":{"line":68,"column":10},"end":{"line":68,"column":31}},"type":"binary-expr","locations":[{"start":{"line":68,"column":10},"end":{"line":68,"column":21}},{"start":{"line":68,"column":25},"end":{"line":68,"column":31}}],"line":68},"25":{"loc":{"start":{"line":71,"column":10},"end":{"line":73,"column":11}},"type":"if","locations":[{"start":{"line":71,"column":10},"end":{"line":73,"column":11}},{"start":{"line":71,"column":10},"end":{"line":73,"column":11}}],"line":71},"26":{"loc":{"start":{"line":83,"column":15},"end":{"line":83,"column":85}},"type":"cond-expr","locations":[{"start":{"line":83,"column":68},"end":{"line":83,"column":80}},{"start":{"line":83,"column":83},"end":{"line":83,"column":85}}],"line":83},"27":{"loc":{"start":{"line":83,"column":15},"end":{"line":83,"column":65}},"type":"binary-expr","locations":[{"start":{"line":83,"column":15},"end":{"line":83,"column":35}},{"start":{"line":83,"column":39},"end":{"line":83,"column":65}}],"line":83},"28":{"loc":{"start":{"line":84,"column":6},"end":{"line":84,"column":27}},"type":"if","locations":[{"start":{"line":84,"column":6},"end":{"line":84,"column":27}},{"start":{"line":84,"column":6},"end":{"line":84,"column":27}}],"line":84},"29":{"loc":{"start":{"line":87,"column":6},"end":{"line":89,"column":7}},"type":"if","locations":[{"start":{"line":87,"column":6},"end":{"line":89,"column":7}},{"start":{"line":87,"column":6},"end":{"line":89,"column":7}}],"line":87},"30":{"loc":{"start":{"line":91,"column":6},"end":{"line":91,"column":49}},"type":"if","locations":[{"start":{"line":91,"column":6},"end":{"line":91,"column":49}},{"start":{"line":91,"column":6},"end":{"line":91,"column":49}}],"line":91},"31":{"loc":{"start":{"line":91,"column":10},"end":{"line":91,"column":35}},"type":"binary-expr","locations":[{"start":{"line":91,"column":10},"end":{"line":91,"column":13}},{"start":{"line":91,"column":17},"end":{"line":91,"column":35}}],"line":91},"32":{"loc":{"start":{"line":92,"column":17},"end":{"line":94,"column":19}},"type":"binary-expr","locations":[{"start":{"line":92,"column":17},"end":{"line":94,"column":11}},{"start":{"line":94,"column":15},"end":{"line":94,"column":19}}],"line":92},"33":{"loc":{"start":{"line":104,"column":19},"end":{"line":104,"column":89}},"type":"cond-expr","locations":[{"start":{"line":104,"column":72},"end":{"line":104,"column":84}},{"start":{"line":104,"column":87},"end":{"line":104,"column":89}}],"line":104},"34":{"loc":{"start":{"line":104,"column":19},"end":{"line":104,"column":69}},"type":"binary-expr","locations":[{"start":{"line":104,"column":19},"end":{"line":104,"column":39}},{"start":{"line":104,"column":43},"end":{"line":104,"column":69}}],"line":104},"35":{"loc":{"start":{"line":106,"column":6},"end":{"line":113,"column":7}},"type":"if","locations":[{"start":{"line":106,"column":6},"end":{"line":113,"column":7}},{"start":{"line":106,"column":6},"end":{"line":113,"column":7}}],"line":106},"36":{"loc":{"start":{"line":109,"column":10},"end":{"line":111,"column":11}},"type":"if","locations":[{"start":{"line":109,"column":10},"end":{"line":111,"column":11}},{"start":{"line":109,"column":10},"end":{"line":111,"column":11}}],"line":109},"37":{"loc":{"start":{"line":119,"column":13},"end":{"line":119,"column":41}},"type":"binary-expr","locations":[{"start":{"line":119,"column":13},"end":{"line":119,"column":35}},{"start":{"line":119,"column":39},"end":{"line":119,"column":41}}],"line":119},"38":{"loc":{"start":{"line":126,"column":6},"end":{"line":131,"column":7}},"type":"if","locations":[{"start":{"line":126,"column":6},"end":{"line":131,"column":7}},{"start":{"line":126,"column":6},"end":{"line":131,"column":7}}],"line":126},"39":{"loc":{"start":{"line":139,"column":18},"end":{"line":139,"column":88}},"type":"cond-expr","locations":[{"start":{"line":139,"column":71},"end":{"line":139,"column":83}},{"start":{"line":139,"column":86},"end":{"line":139,"column":88}}],"line":139},"40":{"loc":{"start":{"line":139,"column":18},"end":{"line":139,"column":68}},"type":"binary-expr","locations":[{"start":{"line":139,"column":18},"end":{"line":139,"column":38}},{"start":{"line":139,"column":42},"end":{"line":139,"column":68}}],"line":139},"41":{"loc":{"start":{"line":141,"column":23},"end":{"line":141,"column":77}},"type":"cond-expr","locations":[{"start":{"line":141,"column":53},"end":{"line":141,"column":58}},{"start":{"line":141,"column":61},"end":{"line":141,"column":77}}],"line":141},"42":{"loc":{"start":{"line":144,"column":6},"end":{"line":146,"column":7}},"type":"if","locations":[{"start":{"line":144,"column":6},"end":{"line":146,"column":7}},{"start":{"line":144,"column":6},"end":{"line":146,"column":7}}],"line":144},"43":{"loc":{"start":{"line":148,"column":6},"end":{"line":150,"column":7}},"type":"if","locations":[{"start":{"line":148,"column":6},"end":{"line":150,"column":7}},{"start":{"line":148,"column":6},"end":{"line":150,"column":7}}],"line":148},"44":{"loc":{"start":{"line":153,"column":6},"end":{"line":155,"column":7}},"type":"if","locations":[{"start":{"line":153,"column":6},"end":{"line":155,"column":7}},{"start":{"line":153,"column":6},"end":{"line":155,"column":7}}],"line":153},"45":{"loc":{"start":{"line":159,"column":6},"end":{"line":166,"column":7}},"type":"if","locations":[{"start":{"line":159,"column":6},"end":{"line":166,"column":7}},{"start":{"line":159,"column":6},"end":{"line":166,"column":7}}],"line":159},"46":{"loc":{"start":{"line":161,"column":8},"end":{"line":165,"column":9}},"type":"if","locations":[{"start":{"line":161,"column":8},"end":{"line":165,"column":9}},{"start":{"line":161,"column":8},"end":{"line":165,"column":9}}],"line":161},"47":{"loc":{"start":{"line":162,"column":17},"end":{"line":162,"column":63}},"type":"binary-expr","locations":[{"start":{"line":162,"column":17},"end":{"line":162,"column":41}},{"start":{"line":162,"column":45},"end":{"line":162,"column":63}}],"line":162},"48":{"loc":{"start":{"line":170,"column":6},"end":{"line":189,"column":7}},"type":"if","locations":[{"start":{"line":170,"column":6},"end":{"line":189,"column":7}},{"start":{"line":170,"column":6},"end":{"line":189,"column":7}}],"line":170},"49":{"loc":{"start":{"line":175,"column":10},"end":{"line":179,"column":11}},"type":"if","locations":[{"start":{"line":175,"column":10},"end":{"line":179,"column":11}},{"start":{"line":175,"column":10},"end":{"line":179,"column":11}}],"line":175}},"s":{"0":1,"1":1,"2":1,"3":1,"4":11,"5":0,"6":0,"7":0,"8":11,"9":11,"10":22,"11":11,"12":20,"13":20,"14":20,"15":20,"16":20,"17":0,"18":20,"19":277,"20":20,"21":277,"22":0,"23":277,"24":277,"25":9,"26":0,"27":1,"28":6,"29":6,"30":6,"31":6,"32":6,"33":6,"34":1,"35":1,"36":1,"37":0,"38":1,"39":1,"40":9,"41":9,"42":9,"43":9,"44":1,"45":1,"46":10,"47":10,"48":10,"49":10,"50":10,"51":4,"52":10,"53":10,"54":10,"55":4,"56":10,"57":3,"58":9,"59":9,"60":10,"61":4,"62":4,"63":0,"64":4,"65":4,"66":4,"67":4,"68":0,"69":4,"70":6,"71":4,"72":4,"73":7,"74":7,"75":7,"76":7,"77":7,"78":84,"79":83,"80":1,"81":3,"82":2,"83":2,"84":1,"85":3,"86":3,"87":3,"88":3,"89":3,"90":0,"91":3,"92":2,"93":3,"94":0,"95":3,"96":3,"97":1,"98":2,"99":0,"100":3,"101":3,"102":4,"103":2,"104":2,"105":2,"106":0,"107":2,"108":1,"109":3,"110":1,"111":1,"112":1},"f":{"0":1,"1":11,"2":0,"3":0,"4":11,"5":20,"6":0,"7":277,"8":277,"9":9,"10":1,"11":1,"12":1,"13":9,"14":10,"15":9,"16":4,"17":6,"18":7,"19":84,"20":1,"21":3,"22":3,"23":2,"24":4,"25":2},"b":{"0":[0,1],"1":[1,1],"2":[11,0,0],"3":[0,0],"4":[0,0],"5":[11,0],"6":[20,0],"7":[20,0],"8":[0,277],"9":[0,9],"10":[6,6],"11":[6,0],"12":[1,0],"13":[0,1],"14":[1,8],"15":[9,9],"16":[1,8],"17":[6,4],"18":[10,6],"19":[4,6],"20":[4,6],"21":[10,0],"22":[4,6],"23":[3,7],"24":[10,7],"25":[9,0],"26":[4,0],"27":[4,4],"28":[0,4],"29":[4,0],"30":[0,4],"31":[4,4],"32":[4,0],"33":[7,0],"34":[7,7],"35":[7,0],"36":[83,1],"37":[1,0],"38":[2,1],"39":[0,3],"40":[3,0],"41":[3,0],"42":[0,3],"43":[2,1],"44":[0,3],"45":[1,2],"46":[0,1],"47":[2,0],"48":[2,1],"49":[2,0]},"_coverageSchema":"43e27e138ebf9cfc5966b082cf9a028302ed4184","hash":"831c799f41d0ec749023431bd30a867272e2799c","contentHash":"67ce6b9e4ad2c5311ff2fdef8255442d"},"/Users/oem/Documents/GitHub/sendit-api/src/server.js":{"path":"/Users/oem/Documents/GitHub/sendit-api/src/server.js","statementMap":{"0":{"start":{"line":3,"column":0},"end":{"line":5,"column":3}},"1":{"start":{"line":6,"column":0},"end":{"line":6,"column":25}},"2":{"start":{"line":8,"column":15},"end":{"line":8,"column":57}},"3":{"start":{"line":10,"column":18},"end":{"line":10,"column":64}},"4":{"start":{"line":12,"column":14},"end":{"line":12,"column":55}},"5":{"start":{"line":14,"column":14},"end":{"line":14,"column":55}},"6":{"start":{"line":16,"column":14},"end":{"line":16,"column":55}},"7":{"start":{"line":18,"column":12},"end":{"line":18,"column":53}},"8":{"start":{"line":20,"column":14},"end":{"line":20,"column":57}},"9":{"start":{"line":22,"column":17},"end":{"line":22,"column":74}},"10":{"start":{"line":24,"column":39},"end":{"line":24,"column":93}},"11":{"start":{"line":26,"column":0},"end":{"line":26,"column":21}},"12":{"start":{"line":28,"column":0},"end":{"line":28,"column":25}},"13":{"start":{"line":31,"column":18},"end":{"line":31,"column":27}},"14":{"start":{"line":33,"column":10},"end":{"line":33,"column":33}},"15":{"start":{"line":34,"column":19},"end":{"line":34,"column":30}},"16":{"start":{"line":35,"column":24},"end":{"line":35,"column":41}},"17":{"start":{"line":36,"column":11},"end":{"line":36,"column":66}},"18":{"start":{"line":37,"column":15},"end":{"line":37,"column":36}},"19":{"start":{"line":39,"column":0},"end":{"line":42,"column":1}},"20":{"start":{"line":40,"column":2},"end":{"line":40,"column":40}},"21":{"start":{"line":41,"column":2},"end":{"line":41,"column":33}},"22":{"start":{"line":44,"column":0},"end":{"line":44,"column":32}},"23":{"start":{"line":50,"column":0},"end":{"line":52,"column":4}},"24":{"start":{"line":53,"column":0},"end":{"line":53,"column":36}},"25":{"start":{"line":54,"column":0},"end":{"line":54,"column":65}},"26":{"start":{"line":55,"column":0},"end":{"line":55,"column":69}},"27":{"start":{"line":57,"column":0},"end":{"line":57,"column":35}},"28":{"start":{"line":58,"column":0},"end":{"line":60,"column":3}},"29":{"start":{"line":59,"column":2},"end":{"line":59,"column":36}},"30":{"start":{"line":61,"column":0},"end":{"line":63,"column":3}},"31":{"start":{"line":62,"column":2},"end":{"line":62,"column":36}},"32":{"start":{"line":65,"column":0},"end":{"line":69,"column":3}},"33":{"start":{"line":66,"column":12},"end":{"line":66,"column":34}},"34":{"start":{"line":67,"column":2},"end":{"line":67,"column":19}},"35":{"start":{"line":68,"column":2},"end":{"line":68,"column":12}},"36":{"start":{"line":71,"column":10},"end":{"line":77,"column":1}},"37":{"start":{"line":72,"column":13},"end":{"line":72,"column":83}},"38":{"start":{"line":73,"column":15},"end":{"line":75,"column":4}},"39":{"start":{"line":74,"column":4},"end":{"line":74,"column":76}},"40":{"start":{"line":76,"column":2},"end":{"line":76,"column":16}},"41":{"start":{"line":79,"column":0},"end":{"line":81,"column":1}},"42":{"start":{"line":80,"column":2},"end":{"line":80,"column":8}},"43":{"start":{"line":83,"column":15},"end":{"line":83,"column":18}},"44":{"start":{"line":84,"column":0},"end":{"line":84,"column":27}}},"fnMap":{"0":{"name":"_interopRequireDefault","decl":{"start":{"line":24,"column":9},"end":{"line":24,"column":31}},"loc":{"start":{"line":24,"column":37},"end":{"line":24,"column":95}},"line":24},"1":{"name":"(anonymous_1)","decl":{"start":{"line":58,"column":21},"end":{"line":58,"column":22}},"loc":{"start":{"line":58,"column":41},"end":{"line":60,"column":1}},"line":58},"2":{"name":"(anonymous_2)","decl":{"start":{"line":61,"column":14},"end":{"line":61,"column":15}},"loc":{"start":{"line":61,"column":34},"end":{"line":63,"column":1}},"line":61},"3":{"name":"(anonymous_3)","decl":{"start":{"line":65,"column":8},"end":{"line":65,"column":9}},"loc":{"start":{"line":65,"column":34},"end":{"line":69,"column":1}},"line":65},"4":{"name":"run","decl":{"start":{"line":71,"column":19},"end":{"line":71,"column":22}},"loc":{"start":{"line":71,"column":25},"end":{"line":77,"column":1}},"line":71},"5":{"name":"(anonymous_5)","decl":{"start":{"line":73,"column":40},"end":{"line":73,"column":41}},"loc":{"start":{"line":73,"column":52},"end":{"line":75,"column":3}},"line":73}},"branchMap":{"0":{"loc":{"start":{"line":24,"column":46},"end":{"line":24,"column":92}},"type":"cond-expr","locations":[{"start":{"line":24,"column":70},"end":{"line":24,"column":73}},{"start":{"line":24,"column":76},"end":{"line":24,"column":92}}],"line":24},"1":{"loc":{"start":{"line":24,"column":46},"end":{"line":24,"column":67}},"type":"binary-expr","locations":[{"start":{"line":24,"column":46},"end":{"line":24,"column":49}},{"start":{"line":24,"column":53},"end":{"line":24,"column":67}}],"line":24},"2":{"loc":{"start":{"line":36,"column":11},"end":{"line":36,"column":66}},"type":"cond-expr","locations":[{"start":{"line":36,"column":42},"end":{"line":36,"column":46}},{"start":{"line":36,"column":49},"end":{"line":36,"column":66}}],"line":36},"3":{"loc":{"start":{"line":39,"column":0},"end":{"line":42,"column":1}},"type":"if","locations":[{"start":{"line":39,"column":0},"end":{"line":42,"column":1}},{"start":{"line":39,"column":0},"end":{"line":42,"column":1}}],"line":39},"4":{"loc":{"start":{"line":72,"column":13},"end":{"line":72,"column":83}},"type":"cond-expr","locations":[{"start":{"line":72,"column":66},"end":{"line":72,"column":78}},{"start":{"line":72,"column":81},"end":{"line":72,"column":83}}],"line":72},"5":{"loc":{"start":{"line":72,"column":13},"end":{"line":72,"column":63}},"type":"binary-expr","locations":[{"start":{"line":72,"column":13},"end":{"line":72,"column":33}},{"start":{"line":72,"column":37},"end":{"line":72,"column":63}}],"line":72},"6":{"loc":{"start":{"line":73,"column":26},"end":{"line":73,"column":38}},"type":"binary-expr","locations":[{"start":{"line":73,"column":26},"end":{"line":73,"column":30}},{"start":{"line":73,"column":34},"end":{"line":73,"column":38}}],"line":73},"7":{"loc":{"start":{"line":74,"column":54},"end":{"line":74,"column":66}},"type":"binary-expr","locations":[{"start":{"line":74,"column":54},"end":{"line":74,"column":58}},{"start":{"line":74,"column":62},"end":{"line":74,"column":66}}],"line":74},"8":{"loc":{"start":{"line":79,"column":0},"end":{"line":81,"column":1}},"type":"if","locations":[{"start":{"line":79,"column":0},"end":{"line":81,"column":1}},{"start":{"line":79,"column":0},"end":{"line":81,"column":1}}],"line":79}},"s":{"0":1,"1":1,"2":1,"3":1,"4":1,"5":1,"6":1,"7":1,"8":1,"9":1,"10":8,"11":1,"12":1,"13":1,"14":1,"15":1,"16":1,"17":1,"18":1,"19":1,"20":0,"21":0,"22":1,"23":1,"24":1,"25":1,"26":1,"27":1,"28":1,"29":0,"30":1,"31":0,"32":1,"33":0,"34":0,"35":0,"36":1,"37":2,"38":2,"39":2,"40":2,"41":1,"42":0,"43":1,"44":1},"f":{"0":8,"1":0,"2":0,"3":0,"4":2,"5":2},"b":{"0":[3,5],"1":[8,8],"2":[0,1],"3":[0,1],"4":[2,0],"5":[2,2],"6":[2,0],"7":[2,0],"8":[0,1]},"_coverageSchema":"43e27e138ebf9cfc5966b082cf9a028302ed4184","hash":"f4f443e472d5e250e68d286615e79a02981265da","contentHash":"0f20450d91cd62daf18e78003f94f935"},"/Users/oem/Documents/GitHub/sendit-api/src/data/index.js":{"path":"/Users/oem/Documents/GitHub/sendit-api/src/data/index.js","statementMap":{"0":{"start":{"line":3,"column":0},"end":{"line":5,"column":3}},"1":{"start":{"line":6,"column":0},"end":{"line":6,"column":25}},"2":{"start":{"line":8,"column":13},"end":{"line":8,"column":55}},"3":{"start":{"line":10,"column":15},"end":{"line":10,"column":59}},"4":{"start":{"line":12,"column":39},"end":{"line":12,"column":93}},"5":{"start":{"line":14,"column":15},"end":{"line":18,"column":1}},"6":{"start":{"line":15,"column":2},"end":{"line":15,"column":24}},"7":{"start":{"line":17,"column":2},"end":{"line":17,"column":26}},"8":{"start":{"line":20,"column":15},"end":{"line":20,"column":23}},"9":{"start":{"line":21,"column":0},"end":{"line":21,"column":27}}},"fnMap":{"0":{"name":"_interopRequireDefault","decl":{"start":{"line":12,"column":9},"end":{"line":12,"column":31}},"loc":{"start":{"line":12,"column":37},"end":{"line":12,"column":95}},"line":12},"1":{"name":"initData","decl":{"start":{"line":14,"column":24},"end":{"line":14,"column":32}},"loc":{"start":{"line":14,"column":35},"end":{"line":18,"column":1}},"line":14}},"branchMap":{"0":{"loc":{"start":{"line":12,"column":46},"end":{"line":12,"column":92}},"type":"cond-expr","locations":[{"start":{"line":12,"column":70},"end":{"line":12,"column":73}},{"start":{"line":12,"column":76},"end":{"line":12,"column":92}}],"line":12},"1":{"loc":{"start":{"line":12,"column":46},"end":{"line":12,"column":67}},"type":"binary-expr","locations":[{"start":{"line":12,"column":46},"end":{"line":12,"column":49}},{"start":{"line":12,"column":53},"end":{"line":12,"column":67}}],"line":12}},"s":{"0":1,"1":1,"2":1,"3":1,"4":2,"5":1,"6":1,"7":1,"8":1,"9":1},"f":{"0":2,"1":1},"b":{"0":[2,0],"1":[2,2]},"_coverageSchema":"43e27e138ebf9cfc5966b082cf9a028302ed4184","hash":"60c9ca6d5109f8532e8f1752750f0979cf35f7df","contentHash":"14594a07c3bd1fab767975eb4cb8a645"},"/Users/oem/Documents/GitHub/sendit-api/src/data/users.js":{"path":"/Users/oem/Documents/GitHub/sendit-api/src/data/users.js","statementMap":{"0":{"start":{"line":3,"column":0},"end":{"line":5,"column":3}},"1":{"start":{"line":6,"column":0},"end":{"line":6,"column":25}},"2":{"start":{"line":8,"column":14},"end":{"line":8,"column":55}},"3":{"start":{"line":10,"column":39},"end":{"line":10,"column":93}},"4":{"start":{"line":13,"column":12},"end":{"line":25,"column":1}},"5":{"start":{"line":27,"column":11},"end":{"line":39,"column":1}},"6":{"start":{"line":41,"column":16},"end":{"line":43,"column":1}},"7":{"start":{"line":42,"column":2},"end":{"line":42,"column":31}},"8":{"start":{"line":45,"column":15},"end":{"line":45,"column":24}},"9":{"start":{"line":46,"column":0},"end":{"line":46,"column":27}}},"fnMap":{"0":{"name":"_interopRequireDefault","decl":{"start":{"line":10,"column":9},"end":{"line":10,"column":31}},"loc":{"start":{"line":10,"column":37},"end":{"line":10,"column":95}},"line":10},"1":{"name":"initUsers","decl":{"start":{"line":41,"column":25},"end":{"line":41,"column":34}},"loc":{"start":{"line":41,"column":37},"end":{"line":43,"column":1}},"line":41}},"branchMap":{"0":{"loc":{"start":{"line":10,"column":46},"end":{"line":10,"column":92}},"type":"cond-expr","locations":[{"start":{"line":10,"column":70},"end":{"line":10,"column":73}},{"start":{"line":10,"column":76},"end":{"line":10,"column":92}}],"line":10},"1":{"loc":{"start":{"line":10,"column":46},"end":{"line":10,"column":67}},"type":"binary-expr","locations":[{"start":{"line":10,"column":46},"end":{"line":10,"column":49}},{"start":{"line":10,"column":53},"end":{"line":10,"column":67}}],"line":10}},"s":{"0":1,"1":1,"2":1,"3":1,"4":1,"5":1,"6":1,"7":1,"8":1,"9":1},"f":{"0":1,"1":1},"b":{"0":[0,1],"1":[1,1]},"_coverageSchema":"43e27e138ebf9cfc5966b082cf9a028302ed4184","hash":"28df4d3cf624aefbe4e7f3532e47a7045f5e9af1","contentHash":"518e6eb55889d60514395ce4dd5534bd"},"/Users/oem/Documents/GitHub/sendit-api/src/data/parcels.js":{"path":"/Users/oem/Documents/GitHub/sendit-api/src/data/parcels.js","statementMap":{"0":{"start":{"line":3,"column":0},"end":{"line":5,"column":3}},"1":{"start":{"line":6,"column":0},"end":{"line":6,"column":25}},"2":{"start":{"line":8,"column":13},"end":{"line":8,"column":53}},"3":{"start":{"line":10,"column":39},"end":{"line":10,"column":93}},"4":{"start":{"line":13,"column":13},"end":{"line":27,"column":1}},"5":{"start":{"line":29,"column":18},"end":{"line":31,"column":1}},"6":{"start":{"line":30,"column":2},"end":{"line":30,"column":28}},"7":{"start":{"line":33,"column":15},"end":{"line":33,"column":26}},"8":{"start":{"line":34,"column":0},"end":{"line":34,"column":27}}},"fnMap":{"0":{"name":"_interopRequireDefault","decl":{"start":{"line":10,"column":9},"end":{"line":10,"column":31}},"loc":{"start":{"line":10,"column":37},"end":{"line":10,"column":95}},"line":10},"1":{"name":"initParcels","decl":{"start":{"line":29,"column":27},"end":{"line":29,"column":38}},"loc":{"start":{"line":29,"column":41},"end":{"line":31,"column":1}},"line":29}},"branchMap":{"0":{"loc":{"start":{"line":10,"column":46},"end":{"line":10,"column":92}},"type":"cond-expr","locations":[{"start":{"line":10,"column":70},"end":{"line":10,"column":73}},{"start":{"line":10,"column":76},"end":{"line":10,"column":92}}],"line":10},"1":{"loc":{"start":{"line":10,"column":46},"end":{"line":10,"column":67}},"type":"binary-expr","locations":[{"start":{"line":10,"column":46},"end":{"line":10,"column":49}},{"start":{"line":10,"column":53},"end":{"line":10,"column":67}}],"line":10}},"s":{"0":1,"1":1,"2":1,"3":1,"4":1,"5":1,"6":1,"7":1,"8":1},"f":{"0":1,"1":1},"b":{"0":[0,1],"1":[1,1]},"_coverageSchema":"43e27e138ebf9cfc5966b082cf9a028302ed4184","hash":"79072bd1d5daf018c668b7b913f05aba3263ff0d","contentHash":"352028157226f5f0d991e4f2ee3ac274"},"/Users/oem/Documents/GitHub/sendit-api/src/routes/index.js":{"path":"/Users/oem/Documents/GitHub/sendit-api/src/routes/index.js","statementMap":{"0":{"start":{"line":3,"column":0},"end":{"line":5,"column":3}},"1":{"start":{"line":6,"column":0},"end":{"line":6,"column":25}},"2":{"start":{"line":8,"column":13},"end":{"line":8,"column":55}},"3":{"start":{"line":10,"column":15},"end":{"line":10,"column":59}},"4":{"start":{"line":12,"column":39},"end":{"line":12,"column":93}},"5":{"start":{"line":14,"column":15},"end":{"line":17,"column":1}},"6":{"start":{"line":18,"column":0},"end":{"line":18,"column":27}}},"fnMap":{"0":{"name":"_interopRequireDefault","decl":{"start":{"line":12,"column":9},"end":{"line":12,"column":31}},"loc":{"start":{"line":12,"column":37},"end":{"line":12,"column":95}},"line":12}},"branchMap":{"0":{"loc":{"start":{"line":12,"column":46},"end":{"line":12,"column":92}},"type":"cond-expr","locations":[{"start":{"line":12,"column":70},"end":{"line":12,"column":73}},{"start":{"line":12,"column":76},"end":{"line":12,"column":92}}],"line":12},"1":{"loc":{"start":{"line":12,"column":46},"end":{"line":12,"column":67}},"type":"binary-expr","locations":[{"start":{"line":12,"column":46},"end":{"line":12,"column":49}},{"start":{"line":12,"column":53},"end":{"line":12,"column":67}}],"line":12}},"s":{"0":1,"1":1,"2":1,"3":1,"4":2,"5":1,"6":1},"f":{"0":2},"b":{"0":[2,0],"1":[2,2]},"_coverageSchema":"43e27e138ebf9cfc5966b082cf9a028302ed4184","hash":"9569d4a707617543817c8a06deba5102793bd9ee","contentHash":"52b7900d54bea5817bda3ca82fbed945"},"/Users/oem/Documents/GitHub/sendit-api/src/routes/users.js":{"path":"/Users/oem/Documents/GitHub/sendit-api/src/routes/users.js","statementMap":{"0":{"start":{"line":3,"column":0},"end":{"line":5,"column":3}},"1":{"start":{"line":6,"column":0},"end":{"line":6,"column":25}},"2":{"start":{"line":8,"column":15},"end":{"line":8,"column":57}},"3":{"start":{"line":10,"column":17},"end":{"line":10,"column":37}},"4":{"start":{"line":12,"column":14},"end":{"line":12,"column":55}},"5":{"start":{"line":14,"column":20},"end":{"line":14,"column":67}},"6":{"start":{"line":16,"column":13},"end":{"line":16,"column":53}},"7":{"start":{"line":18,"column":14},"end":{"line":18,"column":55}},"8":{"start":{"line":20,"column":13},"end":{"line":20,"column":43}},"9":{"start":{"line":22,"column":12},"end":{"line":22,"column":61}},"10":{"start":{"line":24,"column":12},"end":{"line":24,"column":66}},"11":{"start":{"line":26,"column":39},"end":{"line":26,"column":93}},"12":{"start":{"line":28,"column":77},"end":{"line":28,"column":175}},"13":{"start":{"line":28,"column":94},"end":{"line":28,"column":107}},"14":{"start":{"line":28,"column":121},"end":{"line":28,"column":131}},"15":{"start":{"line":28,"column":151},"end":{"line":28,"column":165}},"16":{"start":{"line":28,"column":166},"end":{"line":28,"column":173}},"17":{"start":{"line":28,"column":176},"end":{"line":28,"column":263}},"18":{"start":{"line":28,"column":193},"end":{"line":28,"column":208}},"19":{"start":{"line":28,"column":218},"end":{"line":28,"column":261}},"20":{"start":{"line":30,"column":33},"end":{"line":30,"column":387}},"21":{"start":{"line":30,"column":65},"end":{"line":30,"column":69}},"22":{"start":{"line":30,"column":78},"end":{"line":30,"column":87}},"23":{"start":{"line":30,"column":89},"end":{"line":30,"column":384}},"24":{"start":{"line":30,"column":147},"end":{"line":30,"column":167}},"25":{"start":{"line":30,"column":193},"end":{"line":30,"column":264}},"26":{"start":{"line":30,"column":290},"end":{"line":30,"column":360}},"27":{"start":{"line":30,"column":363},"end":{"line":30,"column":380}},"28":{"start":{"line":32,"column":13},"end":{"line":32,"column":38}},"29":{"start":{"line":34,"column":0},"end":{"line":34,"column":25}},"30":{"start":{"line":36,"column":17},"end":{"line":36,"column":39}},"31":{"start":{"line":38,"column":0},"end":{"line":99,"column":5}},"32":{"start":{"line":43,"column":13},"end":{"line":94,"column":5}},"33":{"start":{"line":47,"column":4},"end":{"line":93,"column":22}},"34":{"start":{"line":48,"column":6},"end":{"line":92,"column":7}},"35":{"start":{"line":49,"column":8},"end":{"line":91,"column":9}},"36":{"start":{"line":51,"column":12},"end":{"line":51,"column":28}},"37":{"start":{"line":52,"column":12},"end":{"line":52,"column":28}},"38":{"start":{"line":53,"column":12},"end":{"line":53,"column":39}},"39":{"start":{"line":55,"column":12},"end":{"line":55,"column":35}},"40":{"start":{"line":56,"column":12},"end":{"line":56,"column":65}},"41":{"start":{"line":58,"column":12},"end":{"line":58,"column":39}},"42":{"start":{"line":59,"column":12},"end":{"line":64,"column":15}},"43":{"start":{"line":60,"column":14},"end":{"line":63,"column":15}},"44":{"start":{"line":62,"column":16},"end":{"line":62,"column":42}},"45":{"start":{"line":65,"column":12},"end":{"line":65,"column":30}},"46":{"start":{"line":66,"column":12},"end":{"line":66,"column":59}},"47":{"start":{"line":69,"column":12},"end":{"line":69,"column":42}},"48":{"start":{"line":70,"column":12},"end":{"line":70,"column":32}},"49":{"start":{"line":72,"column":12},"end":{"line":80,"column":13}},"50":{"start":{"line":73,"column":14},"end":{"line":73,"column":29}},"51":{"start":{"line":74,"column":14},"end":{"line":77,"column":29}},"52":{"start":{"line":79,"column":14},"end":{"line":79,"column":51}},"53":{"start":{"line":82,"column":12},"end":{"line":86,"column":16}},"54":{"start":{"line":90,"column":12},"end":{"line":90,"column":35}},"55":{"start":{"line":96,"column":2},"end":{"line":98,"column":4}},"56":{"start":{"line":97,"column":4},"end":{"line":97,"column":39}},"57":{"start":{"line":101,"column":0},"end":{"line":144,"column":3}},"58":{"start":{"line":102,"column":16},"end":{"line":102,"column":21}},"59":{"start":{"line":103,"column":20},"end":{"line":103,"column":30}},"60":{"start":{"line":104,"column":15},"end":{"line":104,"column":33}},"61":{"start":{"line":105,"column":25},"end":{"line":105,"column":53}},"62":{"start":{"line":106,"column":13},"end":{"line":106,"column":32}},"63":{"start":{"line":107,"column":17},"end":{"line":107,"column":38}},"64":{"start":{"line":109,"column":2},"end":{"line":113,"column":3}},"65":{"start":{"line":110,"column":4},"end":{"line":112,"column":7}},"66":{"start":{"line":115,"column":2},"end":{"line":120,"column":3}},"67":{"start":{"line":116,"column":4},"end":{"line":119,"column":7}},"68":{"start":{"line":122,"column":2},"end":{"line":127,"column":3}},"69":{"start":{"line":123,"column":4},"end":{"line":126,"column":7}},"70":{"start":{"line":129,"column":2},"end":{"line":129,"column":28}},"71":{"start":{"line":130,"column":2},"end":{"line":130,"column":35}},"72":{"start":{"line":132,"column":18},"end":{"line":132,"column":33}},"73":{"start":{"line":134,"column":2},"end":{"line":138,"column":3}},"74":{"start":{"line":135,"column":4},"end":{"line":135,"column":19}},"75":{"start":{"line":137,"column":4},"end":{"line":137,"column":47}},"76":{"start":{"line":140,"column":2},"end":{"line":143,"column":5}},"77":{"start":{"line":146,"column":0},"end":{"line":221,"column":5}},"78":{"start":{"line":149,"column":14},"end":{"line":216,"column":5}},"79":{"start":{"line":154,"column":4},"end":{"line":215,"column":23}},"80":{"start":{"line":155,"column":6},"end":{"line":214,"column":7}},"81":{"start":{"line":156,"column":8},"end":{"line":213,"column":9}},"82":{"start":{"line":158,"column":12},"end":{"line":158,"column":89}},"83":{"start":{"line":159,"column":12},"end":{"line":159,"column":28}},"84":{"start":{"line":160,"column":12},"end":{"line":160,"column":39}},"85":{"start":{"line":161,"column":12},"end":{"line":161,"column":31}},"86":{"start":{"line":162,"column":12},"end":{"line":162,"column":43}},"87":{"start":{"line":165,"column":12},"end":{"line":165,"col
[...]
nd":{"line":5,"column":3}},"1":{"start":{"line":6,"column":0},"end":{"line":6,"column":25}},"2":{"start":{"line":8,"column":18},"end":{"line":8,"column":64}},"3":{"start":{"line":10,"column":39},"end":{"line":10,"column":93}},"4":{"start":{"line":12,"column":24},"end":{"line":12,"column":328}},"5":{"start":{"line":12,"column":99},"end":{"line":12,"column":154}},"6":{"start":{"line":12,"column":133},"end":{"line":12,"column":151}},"7":{"start":{"line":12,"column":164},"end":{"line":12,"column":326}},"8":{"start":{"line":12,"column":198},"end":{"line":12,"column":323}},"9":{"start":{"line":12,"column":329},"end":{"line":12,"column":349}},"10":{"start":{"line":14,"column":50},"end":{"line":14,"column":151}},"11":{"start":{"line":14,"column":92},"end":{"line":14,"column":149}},"12":{"start":{"line":16,"column":50},"end":{"line":16,"column":138}},"13":{"start":{"line":16,"column":124},"end":{"line":16,"column":136}},"14":{"start":{"line":16,"column":139},"end":{"line":16,"column":175}},"15":{"start":{"line":18,"column":40},"end":{"line":18,"column":151}},"16":{"start":{"line":18,"column":63},"end":{"line":18,"column":149}},"17":{"start":{"line":18,"column":152},"end":{"line":18,"column":164}},"18":{"start":{"line":20,"column":30},"end":{"line":20,"column":176}},"19":{"start":{"line":20,"column":126},"end":{"line":20,"column":173}},"20":{"start":{"line":20,"column":177},"end":{"line":20,"column":203}},"21":{"start":{"line":22,"column":43},"end":{"line":22,"column":182}},"22":{"start":{"line":22,"column":106},"end":{"line":22,"column":180}},"23":{"start":{"line":22,"column":183},"end":{"line":22,"column":328}},"24":{"start":{"line":22,"column":329},"end":{"line":22,"column":383}},"25":{"start":{"line":22,"column":345},"end":{"line":22,"column":383}},"26":{"start":{"line":24,"column":33},"end":{"line":24,"column":138}},"27":{"start":{"line":24,"column":109},"end":{"line":24,"column":125}},"28":{"start":{"line":24,"column":126},"end":{"line":24,"column":135}},"29":{"start":{"line":24,"column":139},"end":{"line":24,"column":168}},"30":{"start":{"line":28,"column":0},"end":{"line":44,"column":22}},"31":{"start":{"line":29,"column":2},"end":{"line":29,"column":32}},"32":{"start":{"line":34,"column":4},"end":{"line":34,"column":34}},"33":{"start":{"line":36,"column":4},"end":{"line":36,"column":87}},"34":{"start":{"line":37,"column":4},"end":{"line":37,"column":32}},"35":{"start":{"line":38,"column":4},"end":{"line":38,"column":38}},"36":{"start":{"line":39,"column":4},"end":{"line":39,"column":28}},"37":{"start":{"line":40,"column":4},"end":{"line":40,"column":17}},"38":{"start":{"line":43,"column":2},"end":{"line":43,"column":16}},"39":{"start":{"line":46,"column":15},"end":{"line":46,"column":21}},"40":{"start":{"line":47,"column":0},"end":{"line":47,"column":27}}},"fnMap":{"0":{"name":"_interopRequireDefault","decl":{"start":{"line":10,"column":9},"end":{"line":10,"column":31}},"loc":{"start":{"line":10,"column":37},"end":{"line":10,"column":95}},"line":10},"1":{"name":"_typeof","decl":{"start":{"line":12,"column":9},"end":{"line":12,"column":16}},"loc":{"start":{"line":12,"column":22},"end":{"line":12,"column":351}},"line":12},"2":{"name":"_typeof","decl":{"start":{"line":12,"column":118},"end":{"line":12,"column":125}},"loc":{"start":{"line":12,"column":131},"end":{"line":12,"column":153}},"line":12},"3":{"name":"_typeof","decl":{"start":{"line":12,"column":183},"end":{"line":12,"column":190}},"loc":{"start":{"line":12,"column":196},"end":{"line":12,"column":325}},"line":12},"4":{"name":"_classCallCheck","decl":{"start":{"line":14,"column":9},"end":{"line":14,"column":24}},"loc":{"start":{"line":14,"column":48},"end":{"line":14,"column":153}},"line":14},"5":{"name":"_possibleConstructorReturn","decl":{"start":{"line":16,"column":9},"end":{"line":16,"column":35}},"loc":{"start":{"line":16,"column":48},"end":{"line":16,"column":177}},"line":16},"6":{"name":"_assertThisInitialized","decl":{"start":{"line":18,"column":9},"end":{"line":18,"column":31}},"loc":{"start":{"line":18,"column":38},"end":{"line":18,"column":166}},"line":18},"7":{"name":"_getPrototypeOf","decl":{"start":{"line":20,"column":9},"end":{"line":20,"column":24}},"loc":{"start":{"line":20,"column":28},"end":{"line":20,"column":205}},"line":20},"8":{"name":"_getPrototypeOf","decl":{"start":{"line":20,"column":105},"end":{"line":20,"column":120}},"loc":{"start":{"line":20,"column":124},"end":{"line":20,"column":175}},"line":20},"9":{"name":"_inherits","decl":{"start":{"line":22,"column":9},"end":{"line":22,"column":18}},"loc":{"start":{"line":22,"column":41},"end":{"line":22,"column":385}},"line":22},"10":{"name":"_setPrototypeOf","decl":{"start":{"line":24,"column":9},"end":{"line":24,"column":24}},"loc":{"start":{"line":24,"column":31},"end":{"line":24,"column":170}},"line":24},"11":{"name":"_setPrototypeOf","decl":{"start":{"line":24,"column":85},"end":{"line":24,"column":100}},"loc":{"start":{"line":24,"column":107},"end":{"line":24,"column":137}},"line":24},"12":{"name":"(anonymous_12)","decl":{"start":{"line":28,"column":0},"end":{"line":28,"column":1}},"loc":{"start":{"line":28,"column":22},"end":{"line":44,"column":1}},"line":28},"13":{"name":"Parcel","decl":{"start":{"line":31,"column":11},"end":{"line":31,"column":17}},"loc":{"start":{"line":31,"column":24},"end":{"line":41,"column":3}},"line":31}},"branchMap":{"0":{"loc":{"start":{"line":10,"column":46},"end":{"line":10,"column":92}},"type":"cond-expr","locations":[{"start":{"line":10,"column":70},"end":{"line":10,"column":73}},{"start":{"line":10,"column":76},"end":{"line":10,"column":92}}],"line":10},"1":{"loc":{"start":{"line":10,"column":46},"end":{"line":10,"column":67}},"type":"binary-expr","locations":[{"start":{"line":10,"column":46},"end":{"line":10,"column":49}},{"start":{"line":10,"column":53},"end":{"line":10,"column":67}}],"line":10},"2":{"loc":{"start":{"line":12,"column":24},"end":{"line":12,"column":328}},"type":"if","locations":[{"start":{"line":12,"column":24},"end":{"line":12,"column":328}},{"start":{"line":12,"column":24},"end":{"line":12,"column":328}}],"line":12},"3":{"loc":{"start":{"line":12,"column":28},"end":{"line":12,"column":95}},"type":"binary-expr","locations":[{"start":{"line":12,"column":28},"end":{"line":12,"column":56}},{"start":{"line":12,"column":60},"end":{"line":12,"column":95}}],"line":12},"4":{"loc":{"start":{"line":12,"column":205},"end":{"line":12,"column":322}},"type":"cond-expr","locations":[{"start":{"line":12,"column":301},"end":{"line":12,"column":309}},{"start":{"line":12,"column":312},"end":{"line":12,"column":322}}],"line":12},"5":{"loc":{"start":{"line":12,"column":205},"end":{"line":12,"column":298}},"type":"binary-expr","locations":[{"start":{"line":12,"column":205},"end":{"line":12,"column":208}},{"start":{"line":12,"column":212},"end":{"line":12,"column":240}},{"start":{"line":12,"column":244},"end":{"line":12,"column":270}},{"start":{"line":12,"column":274},"end":{"line":12,"column":298}}],"line":12},"6":{"loc":{"start":{"line":14,"column":50},"end":{"line":14,"column":151}},"type":"if","locations":[{"start":{"line":14,"column":50},"end":{"line":14,"column":151}},{"start":{"line":14,"column":50},"end":{"line":14,"column":151}}],"line":14},"7":{"loc":{"start":{"line":16,"column":50},"end":{"line":16,"column":138}},"type":"if","locations":[{"start":{"line":16,"column":50},"end":{"line":16,"column":138}},{"start":{"line":16,"column":50},"end":{"line":16,"column":138}}],"line":16},"8":{"loc":{"start":{"line":16,"column":54},"end":{"line":16,"column":120}},"type":"binary-expr","locations":[{"start":{"line":16,"column":54},"end":{"line":16,"column":58}},{"start":{"line":16,"column":63},"end":{"line":16,"column":89}},{"start":{"line":16,"column":93},"end":{"line":16,"column":119}}],"line":16},"9":{"loc":{"start":{"line":18,"column":40},"end":{"line":18,"column":151}},"type":"if","locations":[{"start":{"line":18,"column":40},"end":{"line":18,"column":151}},{"start":{"line":18,"column":40},"end":{"line":18,"column":151}}],"line":18},"10":{"loc":{"start":{"line":20,"column":48},"end":{"line":20,"column":175}},"type":"cond-expr","locations":[{"start":{"line":20,"column":72},"end":{"line":20,"column":93}},{"start":{"line":20,"column":96},"end":{"line":20,"column":175}}],"line":20},"11":{"loc":{"start":{"line":20,"column":133},"end":{"line":20,"column":172}},"type":"binary-expr","locations":[{"start":{"line":20,"column":133},"end":{"line":20,"column":144}},{"start":{"line":20,"column":148},"end":{"line":20,"column":172}}],"line":20},"12":{"loc":{"start":{"line":22,"column":43},"end":{"line":22,"column":182}},"type":"if","locations":[{"start":{"line":22,"column":43},"end":{"line":22,"column":182}},{"start":{"line":22,"column":43},"end":{"line":22,"column":182}}],"line":22},"13":{"loc":{"start":{"line":22,"column":47},"end":{"line":22,"column":102}},"type":"binary-expr","locations":[{"start":{"line":22,"column":47},"end":{"line":22,"column":79}},{"start":{"line":22,"column":83},"end":{"line":22,"column":102}}],"line":22},"14":{"loc":{"start":{"line":22,"column":218},"end":{"line":22,"column":252}},"type":"binary-expr","locations":[{"start":{"line":22,"column":218},"end":{"line":22,"column":228}},{"start":{"line":22,"column":232},"end":{"line":22,"column":252}}],"line":22},"15":{"loc":{"start":{"line":22,"column":329},"end":{"line":22,"column":383}},"type":"if","locations":[{"start":{"line":22,"column":329},"end":{"line":22,"column":383}},{"start":{"line":22,"column":329},"end":{"line":22,"column":383}}],"line":22},"16":{"loc":{"start":{"line":24,"column":51},"end":{"line":24,"column":137}},"type":"binary-expr","locations":[{"start":{"line":24,"column":51},"end":{"line":24,"column":72}},{"start":{"line":24,"column":76},"end":{"line":24,"column":137}}],"line":24}},"s":{"0":1,"1":1,"2":1,"3":1,"4":0,"5":0,"6":0,"7":0,"8":0,"9":0,"10":4,"11":0,"12":4,"13":0,"14":4,"15":4,"16":0,"17":4,"18":1,"19":0,"20":1,"21":1,"22":0,"23":1,"24":1,"25":1,"26":1,"27":0,"28":0,"29":1,"30":1,"31":1,"32":4,"33":4,"34":4,"35":4,"36":4,"37":4,"38":1,"39":1,"40":1},"f":{"0":1,"1":0,"2":0,"3":0,"4":4,"5":4,"6":4,"7":1,"8":0,"9":1,"10":1,"11":0,"12":1,"13":4},"b":{"0":[1,0],"1":[1,1],"2":[0,0],"3":[0,0],"4":[0,0],"5":[0,0,0,0],"6":[0,4],"7":[0,4],"8":[4,0,0],"9":[0,4],"10":[1,0],"11":[0,0],"12":[0,1],"13":[1,0],"14":[1,1],"15":[1,0],"16":[1,0]},"_coverageSchema":"43e27e138ebf9cfc5966b082cf9a028302ed4184","hash":"7d1f9415fd5715a5677a0a5d9ed788102c9e6bc9","contentHash":"7e8fd8736f0219fdd277fe9cafa15e7a"},"/Users/oem/Documents/GitHub/sendit-api/src/middleware/joiErrors.js":{"path":"/Users/oem/Documents/GitHub/sendit-api/src/middleware/joiErrors.js","statementMap":{"0":{"start":{"line":3,"column":0},"end":{"line":5,"column":3}},"1":{"start":{"line":6,"column":0},"end":{"line":6,"column":25}},"2":{"start":{"line":8,"column":17},"end":{"line":8,"column":37}},"3":{"start":{"line":10,"column":16},"end":{"line":30,"column":1}},"4":{"start":{"line":11,"column":2},"end":{"line":29,"column":4}},"5":{"start":{"line":12,"column":4},"end":{"line":25,"column":5}},"6":{"start":{"line":13,"column":22},"end":{"line":13,"column":26}},"7":{"start":{"line":15,"column":6},"end":{"line":17,"column":7}},"8":{"start":{"line":16,"column":8},"end":{"line":16,"column":32}},"9":{"start":{"line":19,"column":17},"end":{"line":23,"column":7}},"10":{"start":{"line":24,"column":6},"end":{"line":24,"column":40}},"11":{"start":{"line":28,"column":4},"end":{"line":28,"column":21}},"12":{"start":{"line":32,"column":15},"end":{"line":32,"column":24}},"13":{"start":{"line":33,"column":0},"end":{"line":33,"column":27}}},"fnMap":{"0":{"name":"joiErrors","decl":{"start":{"line":10,"column":25},"end":{"line":10,"column":34}},"loc":{"start":{"line":10,"column":37},"end":{"line":30,"column":1}},"line":10},"1":{"name":"(anonymous_1)","decl":{"start":{"line":11,"column":9},"end":{"line":11,"column":10}},"loc":{"start":{"line":11,"column":40},"end":{"line":29,"column":3}},"line":11}},"branchMap":{"0":{"loc":{"start":{"line":12,"column":4},"end":{"line":25,"column":5}},"type":"if","locations":[{"start":{"line":12,"column":4},"end":{"line":25,"column":5}},{"start":{"line":12,"column":4},"end":{"line":25,"column":5}}],"line":12},"1":{"loc":{"start":{"line":15,"column":6},"end":{"line":17,"column":7}},"type":"if","locations":[{"start":{"line":15,"column":6},"end":{"line":17,"column":7}},{"start":{"line":15,"column":6},"end":{"line":17,"column":7}}],"line":15}},"s":{"0":1,"1":1,"2":1,"3":1,"4":1,"5":0,"6":0,"7":0,"8":0,"9":0,"10":0,"11":0,"12":1,"13":1},"f":{"0":1,"1":0},"b":{"0":[0,0],"1":[0,0]},"_coverageSchema":"43e27e138ebf9cfc5966b082cf9a028302ed4184","hash":"3be13b52e45e0720b94f62ca737699e8962837ab","contentHash":"9cdfc7667c56fb303192dea433373ac9"},"/Users/oem/Documents/GitHub/sendit-api/spec/routes/users.spec.js":{"path":"/Users/oem/Documents/GitHub/sendit-api/spec/routes/users.spec.js","statementMap":{"0":{"start":{"line":3,"column":15},"end":{"line":3,"column":57}},"1":{"start":{"line":5,"column":14},"end":{"line":5,"column":65}},"2":{"start":{"line":7,"column":39},"end":{"line":7,"column":93}},"3":{"start":{"line":9,"column":18},"end":{"line":9,"column":48}},"4":{"start":{"line":10,"column":0},"end":{"line":89,"column":3}},"5":{"start":{"line":12,"column":2},"end":{"line":15,"column":5}},"6":{"start":{"line":13,"column":4},"end":{"line":13,"column":40}},"7":{"start":{"line":14,"column":4},"end":{"line":14,"column":45}},"8":{"start":{"line":16,"column":2},"end":{"line":18,"column":5}},"9":{"start":{"line":17,"column":4},"end":{"line":17,"column":19}},"10":{"start":{"line":19,"column":2},"end":{"line":55,"column":5}},"11":{"start":{"line":20,"column":15},"end":{"line":20,"column":17}},"12":{"start":{"line":21,"column":4},"end":{"line":46,"column":7}},"13":{"start":{"line":22,"column":17},"end":{"line":30,"column":7}},"14":{"start":{"line":32,"column":6},"end":{"line":45,"column":9}},"15":{"start":{"line":36,"column":8},"end":{"line":36,"column":37}},"16":{"start":{"line":38,"column":8},"end":{"line":42,"column":9}},"17":{"start":{"line":39,"column":10},"end":{"line":39,"column":34}},"18":{"start":{"line":40,"column":10},"end":{"line":40,"column":38}},"19":{"start":{"line":41,"column":10},"end":{"line":41,"column":32}},"20":{"start":{"line":44,"column":8},"end":{"line":44,"column":15}},"21":{"start":{"line":47,"column":4},"end":{"line":49,"column":7}},"22":{"start":{"line":48,"column":6},"end":{"line":48,"column":36}},"23":{"start":{"line":50,"column":4},"end":{"line":54,"column":7}},"24":{"start":{"line":51,"column":6},"end":{"line":51,"column":38}},"25":{"start":{"line":52,"column":6},"end":{"line":52,"column":38}},"26":{"start":{"line":53,"column":6},"end":{"line":53,"column":39}},"27":{"start":{"line":57,"column":2},"end":{"line":88,"column":5}},"28":{"start":{"line":58,"column":15},"end":{"line":58,"column":17}},"29":{"start":{"line":59,"column":4},"end":{"line":79,"column":7}},"30":{"start":{"line":60,"column":22},"end":{"line":63,"column":7}},"31":{"start":{"line":65,"column":6},"end":{"line":78,"column":9}},"32":{"start":{"line":69,"column":8},"end":{"line":69,"column":37}},"33":{"start":{"line":71,"column":8},"end":{"line":75,"column":9}},"34":{"start":{"line":72,"column":10},"end":{"line":72,"column":38}},"35":{"start":{"line":73,"column":10},"end":{"line":73,"column":32}},"36":{"start":{"line":74,"column":10},"end":{"line":74,"column":34}},"37":{"start":{"line":77,"column":8},"end":{"line":77,"column":15}},"38":{"start":{"line":80,"column":4},"end":{"line":82,"column":7}},"39":{"start":{"line":81,"column":6},"end":{"line":81,"column":36}},"40":{"start":{"line":83,"column":4},"end":{"line":87,"column":7}},"41":{"start":{"line":84,"column":6},"end":{"line":84,"column":38}},"42":{"start":{"line":85,"column":6},"end":{"line":85,"column":38}},"43":{"start":{"line":86,"column":6},"end":{"line":86,"column":39}}},"fnMap":{"0":{"name":"_interopRequireDefault","decl":{"start":{"line":7,"column":9},"end":{"line":7,"column":31}},"loc":{"start":{"line":7,"column":37},"end":{"line":7,"column":95}},"line":7},"1":{"name":"(anonymous_1)","decl":{"start":{"line":10,"column":17},"end":{"line":10,"column":18}},"loc":{"start":{"line":10,"column":29},"end":{"line":89,"column":1}},"line":10},"2":{"name":"(anonymous_2)","decl":{"start":{"line":12,"column":12},"end":{"line":12,"column":13}},"loc":{"start":{"line":12,"column":24},"end":{"line":15,"column":3}},"line":12},"3":{"name":"(anonymous_3)","decl":{"start":{"line":16,"column":11},"end":{"line":16,"column":12}},"loc":{"start":{"line":16,"column":23},"end":{"line":18,"column":3}},"line":16},"4":{"name":"(anonymous_4)","decl":{"start":{"line":19,"column":51},"end":{"line":19,"column":52}},"loc":{"start":{"line":19,"column":63},"end":{"line":55,"column":3}},"line":19},"5":{"name":"(anonymous_5)","decl":{"start":{"line":21,"column":14},"end":{"line":21,"column":15}},"loc":{"start":{"line":21,"column":30},"end":{"line":46,"column":5}},"line":21},"6":{"name":"(anonymous_6)","decl":{"start":{"line":35,"column":9},"end":{"line":35,"column":10}},"loc":{"start":{"line":35,"column":35},"end":{"line":45,"column":7}},"line":35},"7":{"name":"(anonymous_7)","decl":{"start":{"line":47,"column":21},"end":{"line":47,"column":22}},"loc":{"start":{"line":47,"column":33},"end":{"line":49,"column":5}},"line":47},"8":{"name":"(anonymous_8)","decl":{"start":{"line":50,"column":15},"end":{"line":50,"column":16}},"loc":{"start":{"line":50,"column":27},"end":{"line":54,"column":5}},"line":50},"9":{"name":"(anonymous_9)","decl":{"start":{"line":57,"column":59},"end":{"line":57,"column":60}},"loc":{"start":{"line":57,"column":71},"end":{"line":88,"column":3}},"line":57},"10":{"name":"(anonymous_10)","decl":{"start":{"line":59,"column":14},"end":{"line":59,"column":15}},"loc":{"start":{"line":59,"column":30},"end":{"line":79,"column":5}},"line":59},"11":{"name":"(anonymous_11)","decl":{"start":{"line":68,"column":9},"end":{"line":68,"column":10}},"loc":{"start":{"line":68,"column":35},"end":{"line":78,"column":7}},"line":68},"12":{"name":"(anonymous_12)","decl":{"start":{"line":80,"column":21},"end":{"line":80,"column":22}},"loc":{"start":{"line":80,"column":33},"end":{"line":82,"column":5}},"line":80},"13":{"name":"(anonymous_13)","decl":{"start":{"line":83,"column":15},"end":{"line":83,"column":16}},"loc":{"start":{"line":83,"column":27},"end":{"line":87,"column":5}},"line":83}},"branchMap":{"0":{"loc":{"start":{"line":7,"column":46},"end":{"line":7,"column":92}},"type":"cond-expr","locations":[{"start":{"line":7,"column":70},"end":{"line":7,"column":73}},{"start":{"line":7,"column":76},"end":{"line":7,"column":92}}],"line":7},"1":{"loc":{"start":{"line":7,"column":46},"end":{"line":7,"column":67}},"type":"binary-expr","locations":[{"start":{"line":7,"column":46},"end":{"line":7,"column":49}},{"start":{"line":7,"column":53},"end":{"line":7,"column":67}}],"line":7},"2":{"loc":{"start":{"line":38,"column":8},"end":{"line":42,"column":9}},"type":"if","locations":[{"start":{"line":38,"column":8},"end":{"line":42,"column":9}},{"start":{"line":38,"column":8},"end":{"line":42,"column":9}}],"line":38},"3":{"loc":{"start":{"line":71,"column":8},"end":{"line":75,"column":9}},"type":"if","locations":[{"start":{"line":71,"column":8},"end":{"line":75,"column":9}},{"start":{"line":71,"column":8},"end":{"line":75,"column":9}}],"line":71}},"s":{"0":1,"1":1,"2":2,"3":1,"4":1,"5":1,"6":1,"7":1,"8":1,"9":1,"10":1,"11":1,"12":1,"13":1,"14":1,"15":1,"16":1,"17":1,"18":1,"19":1,"20":1,"21":1,"22":1,"23":1,"24":1,"25":1,"26":1,"27":1,"28":1,"29":1,"30":1,"31":1,"32":1,"33":1,"34":1,"35":1,"36":1,"37":1,"38":1,"39":1,"40":1,"41":1,"42":1,"43":1},"f":{"0":2,"1":1,"2":1,"3":1,"4":1,"5":1,"6":1,"7":1,"8":1,"9":1,"10":1,"11":1,"12":1,"13":1},"b":{"0":[1,1],"1":[2,2],"2":[1,0],"3":[1,0]},"_coverageSchema":"43e27e138ebf9cfc5966b082cf9a028302ed4184","hash":"a28def14d0ec57a07810fe179d624aaf803d13a9","contentHash":"7944deafd7a8d265a8f89508142cb6ea"}}