TN:
SF:/Users/oem/Documents/GitHub/sendit-api/spec/run.js
FNF:0
FNH:0
DA:1,1
DA:2,1
DA:4,1
DA:5,1
DA:12,1
DA:13,1
DA:14,1
DA:15,1
LF:8
LH:8
BRF:0
BRH:0
end_of_record
TN:
SF:/Users/oem/Documents/GitHub/sendit-api/spec/routes/parcels.spec.js
FN:10,(anonymous_4)
FN:14,(anonymous_5)
FN:18,(anonymous_6)
FN:21,(anonymous_7)
FN:23,(anonymous_8)
FN:39,(anonymous_9)
FN:52,(anonymous_10)
FN:55,(anonymous_11)
FN:62,(anonymous_12)
FN:64,(anonymous_13)
FN:66,(anonymous_14)
FN:75,(anonymous_15)
FN:78,(anonymous_16)
FN:85,(anonymous_17)
FN:87,(anonymous_18)
FN:89,(anonymous_19)
FN:98,(anonymous_20)
FN:101,(anonymous_21)
FN:108,(anonymous_22)
FN:110,(anonymous_23)
FN:113,(anonymous_24)
FN:122,(anonymous_25)
FN:125,(anonymous_26)
FNF:23
FNH:23
FNDA:1,(anonymous_4)
FNDA:1,(anonymous_5)
FNDA:1,(anonymous_6)
FNDA:1,(anonymous_7)
FNDA:1,(anonymous_8)
FNDA:1,(anonymous_9)
FNDA:1,(anonymous_10)
FNDA:1,(anonymous_11)
FNDA:1,(anonymous_12)
FNDA:1,(anonymous_13)
FNDA:1,(anonymous_14)
FNDA:1,(anonymous_15)
FNDA:1,(anonymous_16)
FNDA:1,(anonymous_17)
FNDA:1,(anonymous_18)
FNDA:1,(anonymous_19)
FNDA:1,(anonymous_20)
FNDA:1,(anonymous_21)
FNDA:1,(anonymous_22)
FNDA:1,(anonymous_23)
FNDA:1,(anonymous_24)
FNDA:1,(anonymous_25)
FNDA:1,(anonymous_26)
DA:1,1
DA:2,1
DA:4,1
DA:5,1
DA:7,1
DA:10,1
DA:14,1
DA:15,1
DA:16,1
DA:18,1
DA:19,1
DA:21,1
DA:22,1
DA:23,1
DA:24,1
DA:25,1
DA:26,1
DA:38,1
DA:40,1
DA:41,1
DA:42,1
DA:43,1
DA:44,1
DA:45,1
DA:46,1
DA:47,1
DA:49,1
DA:52,1
DA:53,1
DA:55,1
DA:56,1
DA:57,1
DA:62,1
DA:63,1
DA:64,1
DA:65,1
DA:67,1
DA:68,1
DA:69,1
DA:70,1
DA:72,1
DA:75,1
DA:76,1
DA:78,1
DA:79,1
DA:80,1
DA:85,1
DA:86,1
DA:87,1
DA:88,1
DA:90,1
DA:91,1
DA:92,1
DA:93,1
DA:95,1
DA:98,1
DA:99,1
DA:101,1
DA:102,1
DA:103,1
DA:108,1
DA:109,1
DA:110,1
DA:112,1
DA:114,1
DA:115,1
DA:116,1
DA:117,1
DA:119,1
DA:122,1
DA:123,1
DA:125,1
DA:126,1
DA:127,1
LF:74
LH:74
BRDA:41,0,0,1
BRDA:41,0,1,0
BRDA:68,1,0,1
BRDA:68,1,1,0
BRDA:91,2,0,1
BRDA:91,2,1,0
BRDA:115,3,0,1
BRDA:115,3,1,0
BRF:8
BRH:4
end_of_record
TN:
SF:/Users/oem/Documents/GitHub/sendit-api/spec/routes/users.spec.js
FN:7,(anonymous_1)
FN:9,(anonymous_2)
FN:13,(anonymous_3)
FN:16,(anonymous_4)
FN:18,(anonymous_5)
FN:30,(anonymous_6)
FN:40,(anonymous_7)
FN:43,(anonymous_8)
FN:51,(anonymous_9)
FN:53,(anonymous_10)
FN:60,(anonymous_11)
FN:70,(anonymous_12)
FN:73,(anonymous_13)
FNF:13
FNH:13
FNDA:1,(anonymous_1)
FNDA:1,(anonymous_2)
FNDA:1,(anonymous_3)
FNDA:1,(anonymous_4)
FNDA:1,(anonymous_5)
FNDA:1,(anonymous_6)
FNDA:1,(anonymous_7)
FNDA:1,(anonymous_8)
FNDA:1,(anonymous_9)
FNDA:1,(anonymous_10)
FNDA:1,(anonymous_11)
FNDA:1,(anonymous_12)
FNDA:1,(anonymous_13)
DA:1,1
DA:3,1
DA:5,1
DA:7,1
DA:9,1
DA:10,1
DA:11,1
DA:13,1
DA:14,1
DA:16,1
DA:17,1
DA:18,1
DA:19,1
DA:29,1
DA:31,1
DA:32,1
DA:33,1
DA:34,1
DA:35,1
DA:37,1
DA:40,1
DA:41,1
DA:43,1
DA:44,1
DA:45,1
DA:46,1
DA:51,1
DA:52,1
DA:53,1
DA:54,1
DA:59,1
DA:61,1
DA:62,1
DA:63,1
DA:64,1
DA:65,1
DA:67,1
DA:70,1
DA:71,1
DA:73,1
DA:74,1
DA:75,1
DA:76,1
LF:43
LH:43
BRDA:32,0,0,1
BRDA:32,0,1,0
BRDA:62,1,0,1
BRDA:62,1,1,0
BRF:4
BRH:2
end_of_record
TN:
SF:/Users/oem/Documents/GitHub/sendit-api/src/server.js
FN:32,(anonymous_1)
FN:43,(anonymous_2)
FN:49,run
FN:50,(anonymous_4)
FNF:4
FNH:2
FNDA:0,(anonymous_1)
FNDA:0,(anonymous_2)
FNDA:2,run
FNDA:2,(anonymous_4)
DA:1,1
DA:2,1
DA:3,1
DA:4,1
DA:5,1
DA:6,1
DA:7,1
DA:8,1
DA:13,1
DA:14,1
DA:18,1
DA:19,0
DA:20,0
DA:28,1
DA:29,1
DA:32,1
DA:33,0
DA:36,1
DA:43,1
DA:44,0
DA:45,0
DA:46,0
DA:49,2
DA:50,2
DA:51,2
DA:53,2
DA:56,1
DA:57,0
LF:28
LH:21
BRDA:18,0,0,0
BRDA:18,0,1,1
BRDA:49,1,0,2
BRDA:49,1,1,0
BRDA:49,2,0,2
BRDA:49,2,1,2
BRDA:50,3,0,2
BRDA:50,3,1,0
BRDA:51,4,0,2
BRDA:51,4,1,0
BRDA:56,5,0,0
BRDA:56,5,1,1
BRF:12
BRH:7
end_of_record
TN:
SF:/Users/oem/Documents/GitHub/sendit-api/src/controllers/mail.js
FN:3,sendConfirmEmail
FN:40,sendEmailConfirmed
FNF:2
FNH:1
FNDA:1,sendConfirmEmail
FNDA:0,sendEmailConfirmed
DA:1,1
DA:3,1
DA:4,1
DA:5,1
DA:36,1
DA:40,1
DA:41,0
DA:42,0
DA:57,0
LF:9
LH:6
BRDA:3,0,0,1
BRDA:3,0,1,0
BRDA:3,1,0,1
BRDA:3,1,1,1
BRDA:4,2,0,1
BRDA:4,2,1,0
BRDA:40,3,0,0
BRDA:40,3,1,0
BRDA:40,4,0,0
BRDA:40,4,1,0
BRDA:41,5,0,0
BRDA:41,5,1,0
BRF:12
BRH:4
end_of_record
TN:
SF:/Users/oem/Documents/GitHub/sendit-api/src/data/index.js
FN:4,initData
FNF:1
FNH:1
FNDA:1,initData
DA:1,1
DA:2,1
DA:4,1
DA:5,1
DA:6,1
LF:5
LH:5
BRF:0
BRH:0
end_of_record
TN:
SF:/Users/oem/Documents/GitHub/sendit-api/src/data/parcels.js
FN:19,initParcels
FNF:1
FNH:1
FNDA:1,initParcels
DA:1,1
DA:4,1
DA:19,1
DA:20,1
LF:4
LH:4
BRF:0
BRH:0
end_of_record
TN:
SF:/Users/oem/Documents/GitHub/sendit-api/src/data/users.js
FN:32,initUsers
FNF:1
FNH:1
FNDA:1,initUsers
DA:1,1
DA:4,1
DA:18,1
DA:32,1
DA:33,1
LF:5
LH:5
BRF:0
BRH:0
end_of_record
TN:
SF:/Users/oem/Documents/GitHub/sendit-api/src/helpers/mailer.js
FN:17,sendMail
FN:31,(anonymous_2)
FNF:2
FNH:1
FNDA:1,sendMail
FNDA:0,(anonymous_2)
DA:1,1
DA:2,1
DA:4,1
DA:7,1
DA:17,1
DA:19,6
DA:21,1
DA:31,1
DA:32,0
DA:33,0
DA:35,0
DA:36,0
LF:12
LH:8
BRDA:18,0,0,1
BRDA:18,0,1,0
BRDA:18,1,0,0
BRDA:18,1,1,1
BRDA:18,2,0,0
BRDA:18,2,1,1
BRDA:18,3,0,1
BRDA:18,3,1,0
BRDA:18,4,0,1
BRDA:18,4,1,0
BRDA:18,5,0,0
BRDA:18,5,1,1
BRDA:22,6,0,1
BRDA:22,6,1,1
BRDA:23,7,0,1
BRDA:23,7,1,0
BRDA:24,8,0,1
BRDA:24,8,1,1
BRDA:25,9,0,1
BRDA:25,9,1,0
BRDA:26,10,0,1
BRDA:26,10,1,1
BRDA:27,11,0,1
BRDA:27,11,1,0
BRDA:32,12,0,0
BRDA:32,12,1,0
BRF:26
BRH:15
end_of_record
TN:
SF:/Users/oem/Documents/GitHub/sendit-api/src/middleware/joiErrors.js
FN:3,joiErrors
FN:3,(anonymous_1)
FNF:2
FNH:1
FNDA:1,joiErrors
FNDA:0,(anonymous_1)
DA:1,1
DA:3,1
DA:4,0
DA:5,0
DA:6,0
DA:7,0
DA:9,0
DA:14,0
DA:18,0
LF:9
LH:2
BRDA:4,0,0,0
BRDA:4,0,1,0
BRDA:6,1,0,0
BRDA:6,1,1,0
BRF:4
BRH:0
end_of_record
TN:
SF:/Users/oem/Documents/GitHub/sendit-api/src/models/BaseModel.js
FN:4,BaseModel
FN:25,(anonymous_15)
FN:42,(anonymous_17)
FN:51,(anonymous_19)
FN:91,(anonymous_23)
FN:98,(anonymous_24)
FN:100,(anonymous_25)
FNF:7
FNH:7
FNDA:9,BaseModel
FNDA:9,(anonymous_15)
FNDA:6,(anonymous_17)
FNDA:84,(anonymous_19)
FNDA:2,(anonymous_23)
FNDA:4,(anonymous_24)
FNDA:2,(anonymous_25)
DA:1,1
DA:4,9
DA:5,9
DA:6,9
DA:7,1
DA:11,20
DA:12,10
DA:14,10
DA:15,4
DA:17,10
DA:18,10
DA:20,10
DA:21,4
DA:23,10
DA:25,3
DA:26,9
DA:27,9
DA:31,10
DA:35,4
DA:36,4
DA:37,4
DA:38,4
DA:39,4
DA:41,4
DA:42,6
DA:43,4
DA:44,4
DA:48,7
DA:49,7
DA:50,7
DA:51,7
DA:52,84
DA:53,83
DA:61,1
DA:67,3
DA:68,2
DA:69,2
DA:71,1
DA:76,6
DA:78,3
DA:79,0
DA:81,3
DA:82,2
DA:85,3
DA:86,0
DA:88,3
DA:89,3
DA:91,2
DA:92,0
DA:96,3
DA:98,4
DA:100,2
DA:101,2
DA:102,2
DA:104,0
DA:106,2
DA:109,1
DA:115,3
LF:58
LH:54
BRDA:4,0,0,1
BRDA:4,0,1,8
BRDA:4,1,0,9
BRDA:4,1,1,9
BRDA:6,2,0,1
BRDA:6,2,1,8
BRDA:11,3,0,6
BRDA:11,3,1,4
BRDA:11,4,0,10
BRDA:11,4,1,6
BRDA:11,5,0,4
BRDA:11,5,1,6
BRDA:14,6,0,4
BRDA:14,6,1,6
BRDA:17,7,0,10
BRDA:17,7,1,0
BRDA:20,8,0,4
BRDA:20,8,1,6
BRDA:23,9,0,3
BRDA:23,9,1,7
BRDA:23,10,0,10
BRDA:23,10,1,7
BRDA:26,11,0,9
BRDA:26,11,1,0
BRDA:35,12,0,4
BRDA:35,12,1,0
BRDA:35,13,0,4
BRDA:35,13,1,4
BRDA:36,14,0,0
BRDA:36,14,1,4
BRDA:38,15,0,4
BRDA:38,15,1,0
BRDA:41,16,0,0
BRDA:41,16,1,4
BRDA:41,17,0,4
BRDA:41,17,1,4
BRDA:42,18,0,4
BRDA:42,18,1,0
BRDA:48,19,0,7
BRDA:48,19,1,0
BRDA:48,20,0,7
BRDA:48,20,1,7
BRDA:49,21,0,7
BRDA:49,21,1,0
BRDA:52,22,0,83
BRDA:52,22,1,1
BRDA:61,23,0,1
BRDA:61,23,1,0
BRDA:67,24,0,2
BRDA:67,24,1,1
BRDA:76,25,0,0
BRDA:76,25,1,3
BRDA:76,26,0,3
BRDA:76,26,1,0
BRDA:76,27,0,3
BRDA:76,27,1,0
BRDA:78,28,0,0
BRDA:78,28,1,3
BRDA:81,29,0,2
BRDA:81,29,1,1
BRDA:85,30,0,0
BRDA:85,30,1,3
BRDA:89,31,0,1
BRDA:89,31,1,2
BRDA:91,32,0,0
BRDA:91,32,1,1
BRDA:91,33,0,2
BRDA:91,33,1,0
BRDA:98,34,0,2
BRDA:98,34,1,1
BRDA:101,35,0,2
BRDA:101,35,1,0
BRF:72
BRH:54
end_of_record
TN:
SF:/Users/oem/Documents/GitHub/sendit-api/src/models/Parcel.js
FN:5,Parcel
FNF:1
FNH:1
FNDA:4,Parcel
DA:2,1
DA:5,8
DA:6,4
DA:7,4
DA:8,4
DA:9,4
LF:6
LH:6
BRF:0
BRH:0
end_of_record
TN:
SF:/Users/oem/Documents/GitHub/sendit-api/src/models/User.js
FN:18,(anonymous_17)
FNF:1
FNH:1
FNDA:5,(anonymous_17)
DA:2,1
DA:5,10
DA:6,5
DA:7,5
DA:8,5
DA:9,5
DA:13,2
DA:14,2
DA:15,2
DA:17,2
DA:18,5
DA:20,2
DA:21,2
DA:22,2
LF:14
LH:14
BRDA:13,0,0,2
BRDA:13,0,1,0
BRDA:13,1,0,2
BRDA:13,1,1,2
BRDA:14,2,0,0
BRDA:14,2,1,2
BRDA:15,3,0,2
BRDA:15,3,1,0
BRDA:17,4,0,0
BRDA:17,4,1,2
BRDA:17,5,0,2
BRDA:17,5,1,2
BRDA:18,6,0,2
BRDA:18,6,1,0
BRDA:20,7,0,0
BRDA:20,7,1,2
BRF:16
BRH:10
end_of_record
TN:
SF:/Users/oem/Documents/GitHub/sendit-api/src/routes/index.js
FNF:0
FNH:0
DA:1,1
DA:2,1
LF:2
LH:2
BRF:0
BRH:0
end_of_record
TN:
SF:/Users/oem/Documents/GitHub/sendit-api/src/routes/parcels.js
FN:14,(anonymous_5)
FN:29,(anonymous_6)
FN:40,(anonymous_7)
FN:54,(anonymous_8)
FNF:4
FNH:4
FNDA:1,(anonymous_5)
FNDA:1,(anonymous_6)
FNDA:1,(anonymous_7)
FNDA:1,(anonymous_8)
DA:1,1
DA:2,1
DA:3,1
DA:4,1
DA:5,1
DA:6,1
DA:8,1
DA:9,1
DA:15,1
DA:16,1
DA:17,1
DA:18,1
DA:19,0
DA:21,1
DA:23,1
DA:25,1
DA:30,1
DA:31,1
DA:32,1
DA:33,0
DA:36,1
DA:41,1
DA:42,1
DA:43,1
DA:44,1
DA:45,0
DA:48,1
DA:52,1
DA:55,1
DA:56,1
DA:57,1
DA:58,1
DA:59,1
DA:60,0
DA:62,1
DA:63,1
DA:65,1
DA:66,0
DA:69,1
DA:70,0
DA:72,1
DA:73,1
DA:75,1
LF:43
LH:37
BRDA:18,0,0,0
BRDA:18,0,1,1
BRDA:21,1,0,1
BRDA:21,1,1,1
BRDA:32,2,0,0
BRDA:32,2,1,1
BRDA:44,3,0,0
BRDA:44,3,1,1
BRDA:59,4,0,0
BRDA:59,4,1,1
BRDA:65,5,0,0
BRDA:65,5,1,1
BRDA:69,6,0,0
BRDA:69,6,1,1
BRF:14
BRH:8
end_of_record
TN:
SF:/Users/oem/Documents/GitHub/sendit-api/src/routes/users.js
FN:16,(anonymous_7)
FN:19,_callee
FN:19,_callee$
FN:31,(anonymous_10)
FN:52,(anonymous_12)
FN:80,(anonymous_13)
FN:80,_callee2
FN:80,_callee2$
FN:98,(anonymous_17)
FNF:9
FNH:7
FNDA:2,(anonymous_7)
FNDA:1,_callee
FNDA:3,_callee$
FNDA:7,(anonymous_10)
FNDA:0,(anonymous_12)
FNDA:2,(anonymous_13)
FNDA:1,_callee2
FNDA:5,_callee2$
FNDA:0,(anonymous_17)
DA:1,1
DA:2,1
DA:3,1
DA:4,1
DA:5,1
DA:6,1
DA:7,1
DA:8,1
DA:9,1
DA:11,1
DA:12,1
DA:16,3
DA:19,11
DA:20,1
DA:22,1
DA:23,1
DA:26,1
DA:27,1
DA:30,1
DA:31,1
DA:32,7
DA:34,7
DA:37,1
DA:38,1
DA:40,1
DA:41,1
DA:42,1
DA:44,1
DA:52,0
DA:53,0
DA:54,0
DA:55,0
DA:56,0
DA:57,0
DA:58,0
DA:60,0
DA:61,0
DA:63,0
DA:64,0
DA:66,0
DA:67,0
DA:69,0
DA:71,0
DA:72,0
DA:73,0
DA:76,0
DA:80,28
DA:82,1
DA:83,1
DA:84,1
DA:88,1
DA:92,1
DA:93,1
DA:98,1
DA:99,0
DA:100,0
DA:102,0
LF:57
LH:36
BRDA:19,0,0,1
BRDA:19,0,1,1
BRDA:19,0,2,0
BRDA:19,0,3,1
BRDA:32,1,0,7
BRDA:32,1,1,0
BRDA:40,2,0,1
BRDA:40,2,1,0
BRDA:57,3,0,0
BRDA:57,3,1,0
BRDA:60,4,0,0
BRDA:60,4,1,0
BRDA:63,5,0,0
BRDA:63,5,1,0
BRDA:71,6,0,0
BRDA:71,6,1,0
BRDA:80,7,0,1
BRDA:80,7,1,1
BRDA:80,7,2,1
BRDA:80,7,3,1
BRDA:80,7,4,1
BRDA:80,7,5,1
BRDA:80,7,6,0
BRDA:80,7,7,1
BRDA:80,8,0,2
BRDA:80,8,1,0
BRDA:100,9,0,0
BRDA:100,9,1,0
BRF:28
BRH:13
end_of_record
TN:
SF:/Users/oem/Documents/GitHub/sendit-api/src/validators/index.js
FNF:0
FNH:0
DA:1,1
DA:2,1
LF:2
LH:2
BRF:0
BRH:0
end_of_record
TN:
SF:/Users/oem/Documents/GitHub/sendit-api/src/validators/parcels.js
FNF:0
FNH:0
DA:1,1
DA:3,1
DA:16,1
LF:3
LH:3
BRF:0
BRH:0
end_of_record
TN:
SF:/Users/oem/Documents/GitHub/sendit-api/src/validators/users.js
FNF:0
FNH:0
DA:1,1
DA:3,1
DA:15,1
LF:3
LH:3
BRF:0
BRH:0
end_of_record
